{"/home/ananhartanto/Documents/DelivereeBidRepo/server/app.js": {"path":"/home/ananhartanto/Documents/DelivereeBidRepo/server/app.js","statementMap":{"0":{"start":{"line":1,"column":16},"end":{"line":1,"column":34}},"1":{"start":{"line":2,"column":12},"end":{"line":2,"column":21}},"2":{"start":{"line":3,"column":13},"end":{"line":3,"column":37}},"3":{"start":{"line":4,"column":13},"end":{"line":4,"column":28}},"4":{"start":{"line":5,"column":15},"end":{"line":5,"column":34}},"5":{"start":{"line":6,"column":12},"end":{"line":6,"column":47}},"6":{"start":{"line":7,"column":15},"end":{"line":7,"column":46}},"7":{"start":{"line":8,"column":13},"end":{"line":8,"column":46}},"8":{"start":{"line":10,"column":22},"end":{"line":10,"column":49}},"9":{"start":{"line":16,"column":6},"end":{"line":16,"column":30}},"10":{"start":{"line":17,"column":11},"end":{"line":22,"column":2}},"11":{"start":{"line":24,"column":0},"end":{"line":24,"column":15}},"12":{"start":{"line":25,"column":0},"end":{"line":25,"column":45}},"13":{"start":{"line":26,"column":0},"end":{"line":26,"column":23}},"14":{"start":{"line":28,"column":0},"end":{"line":28,"column":15}},"15":{"start":{"line":29,"column":0},"end":{"line":29,"column":12}},"16":{"start":{"line":31,"column":12},"end":{"line":31,"column":14}},"17":{"start":{"line":32,"column":19},"end":{"line":32,"column":24}},"18":{"start":{"line":33,"column":17},"end":{"line":33,"column":22}},"19":{"start":{"line":34,"column":15},"end":{"line":34,"column":16}},"20":{"start":{"line":35,"column":12},"end":{"line":35,"column":14}},"21":{"start":{"line":37,"column":16},"end":{"line":37,"column":35}},"22":{"start":{"line":39,"column":0},"end":{"line":75,"column":2}},"23":{"start":{"line":43,"column":4},"end":{"line":64,"column":9}},"24":{"start":{"line":44,"column":21},"end":{"line":44,"column":56}},"25":{"start":{"line":45,"column":8},"end":{"line":45,"column":40}},"26":{"start":{"line":46,"column":8},"end":{"line":46,"column":31}},"27":{"start":{"line":49,"column":8},"end":{"line":49,"column":84}},"28":{"start":{"line":52,"column":8},"end":{"line":57,"column":12}},"29":{"start":{"line":60,"column":8},"end":{"line":63,"column":11}},"30":{"start":{"line":67,"column":8},"end":{"line":72,"column":11}},"31":{"start":{"line":68,"column":25},"end":{"line":68,"column":50}},"32":{"start":{"line":70,"column":12},"end":{"line":70,"column":80}},"33":{"start":{"line":80,"column":0},"end":{"line":80,"column":20}}},"fnMap":{"0":{"name":"(anonymous_0)","decl":{"start":{"line":39,"column":20},"end":{"line":39,"column":21}},"loc":{"start":{"line":39,"column":30},"end":{"line":75,"column":1}},"line":39},"1":{"name":"(anonymous_1)","decl":{"start":{"line":43,"column":26},"end":{"line":43,"column":27}},"loc":{"start":{"line":43,"column":50},"end":{"line":64,"column":7}},"line":43},"2":{"name":"(anonymous_2)","decl":{"start":{"line":67,"column":33},"end":{"line":67,"column":34}},"loc":{"start":{"line":67,"column":40},"end":{"line":72,"column":9}},"line":67}},"branchMap":{"0":{"loc":{"start":{"line":3,"column":13},"end":{"line":3,"column":37}},"type":"binary-expr","locations":[{"start":{"line":3,"column":13},"end":{"line":3,"column":29}},{"start":{"line":3,"column":33},"end":{"line":3,"column":37}}],"line":3}},"s":{"0":1,"1":1,"2":1,"3":1,"4":1,"5":1,"6":1,"7":1,"8":1,"9":1,"10":1,"11":1,"12":1,"13":1,"14":1,"15":1,"16":1,"17":1,"18":1,"19":1,"20":1,"21":1,"22":1,"23":0,"24":0,"25":0,"26":0,"27":0,"28":0,"29":0,"30":0,"31":0,"32":0,"33":1},"f":{"0":0,"1":0,"2":0},"b":{"0":[1,1]},"_coverageSchema":"1a1c01bbd47fc00a2c39e90264f33305004495a9","hash":"25754afeb4336e8cc65afbdc379e367bf237d09d"}
,"/home/ananhartanto/Documents/DelivereeBidRepo/server/controllers/bid.js": {"path":"/home/ananhartanto/Documents/DelivereeBidRepo/server/controllers/bid.js","statementMap":{"0":{"start":{"line":1,"column":31},"end":{"line":1,"column":51}},"1":{"start":{"line":5,"column":4},"end":{"line":19,"column":33}},"2":{"start":{"line":17,"column":8},"end":{"line":17,"column":34}},"3":{"start":{"line":19,"column":22},"end":{"line":19,"column":31}},"4":{"start":{"line":22,"column":19},"end":{"line":22,"column":29}},"5":{"start":{"line":23,"column":4},"end":{"line":51,"column":9}},"6":{"start":{"line":43,"column":8},"end":{"line":46,"column":9}},"7":{"start":{"line":43,"column":29},"end":{"line":43,"column":71}},"8":{"start":{"line":45,"column":10},"end":{"line":45,"column":36}},"9":{"start":{"line":49,"column":8},"end":{"line":49,"column":25}},"10":{"start":{"line":50,"column":8},"end":{"line":50,"column":18}},"11":{"start":{"line":54,"column":58},"end":{"line":54,"column":66}},"12":{"start":{"line":55,"column":4},"end":{"line":69,"column":9}},"13":{"start":{"line":64,"column":8},"end":{"line":64,"column":34}},"14":{"start":{"line":67,"column":8},"end":{"line":67,"column":25}},"15":{"start":{"line":68,"column":8},"end":{"line":68,"column":18}},"16":{"start":{"line":72,"column":19},"end":{"line":72,"column":29}},"17":{"start":{"line":73,"column":58},"end":{"line":73,"column":66}},"18":{"start":{"line":74,"column":4},"end":{"line":87,"column":9}},"19":{"start":{"line":83,"column":8},"end":{"line":83,"column":60}},"20":{"start":{"line":86,"column":8},"end":{"line":86,"column":18}},"21":{"start":{"line":91,"column":19},"end":{"line":91,"column":29}},"22":{"start":{"line":92,"column":4},"end":{"line":100,"column":33}},"23":{"start":{"line":98,"column":8},"end":{"line":98,"column":60}},"24":{"start":{"line":100,"column":22},"end":{"line":100,"column":31}},"25":{"start":{"line":104,"column":0},"end":{"line":104,"column":31}}},"fnMap":{"0":{"name":"(anonymous_0)","decl":{"start":{"line":4,"column":2},"end":{"line":4,"column":3}},"loc":{"start":{"line":4,"column":33},"end":{"line":20,"column":3}},"line":4},"1":{"name":"(anonymous_1)","decl":{"start":{"line":16,"column":12},"end":{"line":16,"column":13}},"loc":{"start":{"line":16,"column":21},"end":{"line":18,"column":7}},"line":16},"2":{"name":"(anonymous_2)","decl":{"start":{"line":19,"column":13},"end":{"line":19,"column":14}},"loc":{"start":{"line":19,"column":22},"end":{"line":19,"column":31}},"line":19},"3":{"name":"(anonymous_3)","decl":{"start":{"line":21,"column":2},"end":{"line":21,"column":3}},"loc":{"start":{"line":21,"column":33},"end":{"line":52,"column":3}},"line":21},"4":{"name":"(anonymous_4)","decl":{"start":{"line":42,"column":12},"end":{"line":42,"column":13}},"loc":{"start":{"line":42,"column":21},"end":{"line":47,"column":7}},"line":42},"5":{"name":"(anonymous_5)","decl":{"start":{"line":48,"column":13},"end":{"line":48,"column":14}},"loc":{"start":{"line":48,"column":22},"end":{"line":51,"column":7}},"line":48},"6":{"name":"(anonymous_6)","decl":{"start":{"line":53,"column":2},"end":{"line":53,"column":3}},"loc":{"start":{"line":53,"column":35},"end":{"line":70,"column":3}},"line":53},"7":{"name":"(anonymous_7)","decl":{"start":{"line":63,"column":12},"end":{"line":63,"column":13}},"loc":{"start":{"line":63,"column":21},"end":{"line":65,"column":7}},"line":63},"8":{"name":"(anonymous_8)","decl":{"start":{"line":66,"column":13},"end":{"line":66,"column":14}},"loc":{"start":{"line":66,"column":22},"end":{"line":69,"column":7}},"line":66},"9":{"name":"(anonymous_9)","decl":{"start":{"line":71,"column":2},"end":{"line":71,"column":3}},"loc":{"start":{"line":71,"column":35},"end":{"line":88,"column":3}},"line":71},"10":{"name":"(anonymous_10)","decl":{"start":{"line":82,"column":12},"end":{"line":82,"column":13}},"loc":{"start":{"line":82,"column":21},"end":{"line":84,"column":7}},"line":82},"11":{"name":"(anonymous_11)","decl":{"start":{"line":85,"column":13},"end":{"line":85,"column":14}},"loc":{"start":{"line":85,"column":22},"end":{"line":87,"column":7}},"line":85},"12":{"name":"(anonymous_12)","decl":{"start":{"line":90,"column":2},"end":{"line":90,"column":3}},"loc":{"start":{"line":90,"column":35},"end":{"line":101,"column":3}},"line":90},"13":{"name":"(anonymous_13)","decl":{"start":{"line":97,"column":12},"end":{"line":97,"column":13}},"loc":{"start":{"line":97,"column":21},"end":{"line":99,"column":7}},"line":97},"14":{"name":"(anonymous_14)","decl":{"start":{"line":100,"column":13},"end":{"line":100,"column":14}},"loc":{"start":{"line":100,"column":22},"end":{"line":100,"column":31}},"line":100}},"branchMap":{"0":{"loc":{"start":{"line":43,"column":8},"end":{"line":46,"column":9}},"type":"if","locations":[{"start":{"line":43,"column":8},"end":{"line":46,"column":9}},{"start":{"line":43,"column":8},"end":{"line":46,"column":9}}],"line":43}},"s":{"0":1,"1":0,"2":0,"3":0,"4":0,"5":0,"6":0,"7":0,"8":0,"9":0,"10":0,"11":0,"12":0,"13":0,"14":0,"15":0,"16":0,"17":0,"18":0,"19":0,"20":0,"21":0,"22":0,"23":0,"24":0,"25":1},"f":{"0":0,"1":0,"2":0,"3":0,"4":0,"5":0,"6":0,"7":0,"8":0,"9":0,"10":0,"11":0,"12":0,"13":0,"14":0},"b":{"0":[0,0]},"_coverageSchema":"1a1c01bbd47fc00a2c39e90264f33305004495a9","hash":"857deee63068cc7f1808392c0c8005735eb91ea2"}
,"/home/ananhartanto/Documents/DelivereeBidRepo/server/controllers/post.js": {"path":"/home/ananhartanto/Documents/DelivereeBidRepo/server/controllers/post.js","statementMap":{"0":{"start":{"line":1,"column":35},"end":{"line":1,"column":55}},"1":{"start":{"line":5,"column":4},"end":{"line":24,"column":9}},"2":{"start":{"line":20,"column":8},"end":{"line":20,"column":35}},"3":{"start":{"line":23,"column":8},"end":{"line":23,"column":18}},"4":{"start":{"line":27,"column":19},"end":{"line":27,"column":29}},"5":{"start":{"line":28,"column":4},"end":{"line":53,"column":33}},"6":{"start":{"line":46,"column":8},"end":{"line":46,"column":35}},"7":{"start":{"line":47,"column":8},"end":{"line":51,"column":9}},"8":{"start":{"line":48,"column":10},"end":{"line":48,"column":53}},"9":{"start":{"line":50,"column":10},"end":{"line":50,"column":37}},"10":{"start":{"line":53,"column":22},"end":{"line":53,"column":31}},"11":{"start":{"line":56,"column":29},"end":{"line":56,"column":37}},"12":{"start":{"line":57,"column":4},"end":{"line":57,"column":40}},"13":{"start":{"line":58,"column":4},"end":{"line":73,"column":9}},"14":{"start":{"line":68,"column":8},"end":{"line":68,"column":35}},"15":{"start":{"line":71,"column":8},"end":{"line":71,"column":36}},"16":{"start":{"line":72,"column":8},"end":{"line":72,"column":18}},"17":{"start":{"line":76,"column":19},"end":{"line":76,"column":29}},"18":{"start":{"line":77,"column":44},"end":{"line":77,"column":52}},"19":{"start":{"line":78,"column":4},"end":{"line":95,"column":9}},"20":{"start":{"line":87,"column":8},"end":{"line":87,"column":35}},"21":{"start":{"line":88,"column":8},"end":{"line":91,"column":9}},"22":{"start":{"line":88,"column":27},"end":{"line":88,"column":74}},"23":{"start":{"line":90,"column":10},"end":{"line":90,"column":63}},"24":{"start":{"line":94,"column":8},"end":{"line":94,"column":18}},"25":{"start":{"line":99,"column":19},"end":{"line":99,"column":29}},"26":{"start":{"line":100,"column":23},"end":{"line":100,"column":31}},"27":{"start":{"line":102,"column":4},"end":{"line":145,"column":5}},"28":{"start":{"line":103,"column":23},"end":{"line":117,"column":8}},"29":{"start":{"line":118,"column":6},"end":{"line":118,"column":71}},"30":{"start":{"line":118,"column":32},"end":{"line":118,"column":71}},"31":{"start":{"line":119,"column":20},"end":{"line":119,"column":50}},"32":{"start":{"line":119,"column":41},"end":{"line":119,"column":49}},"33":{"start":{"line":121,"column":24},"end":{"line":121,"column":70}},"34":{"start":{"line":121,"column":48},"end":{"line":121,"column":69}},"35":{"start":{"line":123,"column":23},"end":{"line":123,"column":61}},"36":{"start":{"line":123,"column":48},"end":{"line":123,"column":60}},"37":{"start":{"line":124,"column":26},"end":{"line":124,"column":56}},"38":{"start":{"line":124,"column":47},"end":{"line":124,"column":55}},"39":{"start":{"line":126,"column":29},"end":{"line":129,"column":7}},"40":{"start":{"line":131,"column":24},"end":{"line":138,"column":7}},"41":{"start":{"line":139,"column":6},"end":{"line":142,"column":7}},"42":{"start":{"line":139,"column":30},"end":{"line":139,"column":77}},"43":{"start":{"line":141,"column":8},"end":{"line":141,"column":61}},"44":{"start":{"line":144,"column":6},"end":{"line":144,"column":16}},"45":{"start":{"line":149,"column":19},"end":{"line":149,"column":29}},"46":{"start":{"line":150,"column":29},"end":{"line":150,"column":37}},"47":{"start":{"line":152,"column":4},"end":{"line":197,"column":5}},"48":{"start":{"line":153,"column":23},"end":{"line":167,"column":8}},"49":{"start":{"line":169,"column":6},"end":{"line":169,"column":72}},"50":{"start":{"line":169,"column":32},"end":{"line":169,"column":72}},"51":{"start":{"line":170,"column":20},"end":{"line":170,"column":50}},"52":{"start":{"line":170,"column":41},"end":{"line":170,"column":49}},"53":{"start":{"line":172,"column":24},"end":{"line":172,"column":70}},"54":{"start":{"line":172,"column":48},"end":{"line":172,"column":69}},"55":{"start":{"line":174,"column":23},"end":{"line":174,"column":61}},"56":{"start":{"line":174,"column":48},"end":{"line":174,"column":60}},"57":{"start":{"line":175,"column":26},"end":{"line":175,"column":56}},"58":{"start":{"line":175,"column":47},"end":{"line":175,"column":55}},"59":{"start":{"line":177,"column":29},"end":{"line":180,"column":7}},"60":{"start":{"line":182,"column":24},"end":{"line":189,"column":7}},"61":{"start":{"line":190,"column":6},"end":{"line":193,"column":7}},"62":{"start":{"line":190,"column":30},"end":{"line":190,"column":77}},"63":{"start":{"line":192,"column":8},"end":{"line":192,"column":61}},"64":{"start":{"line":195,"column":8},"end":{"line":195,"column":25}},"65":{"start":{"line":196,"column":6},"end":{"line":196,"column":16}},"66":{"start":{"line":201,"column":19},"end":{"line":201,"column":29}},"67":{"start":{"line":202,"column":4},"end":{"line":213,"column":33}},"68":{"start":{"line":208,"column":8},"end":{"line":211,"column":9}},"69":{"start":{"line":208,"column":27},"end":{"line":208,"column":74}},"70":{"start":{"line":210,"column":10},"end":{"line":210,"column":63}},"71":{"start":{"line":213,"column":22},"end":{"line":213,"column":31}},"72":{"start":{"line":217,"column":0},"end":{"line":217,"column":32}}},"fnMap":{"0":{"name":"(anonymous_0)","decl":{"start":{"line":4,"column":2},"end":{"line":4,"column":3}},"loc":{"start":{"line":4,"column":33},"end":{"line":25,"column":3}},"line":4},"1":{"name":"(anonymous_1)","decl":{"start":{"line":19,"column":12},"end":{"line":19,"column":13}},"loc":{"start":{"line":19,"column":22},"end":{"line":21,"column":7}},"line":19},"2":{"name":"(anonymous_2)","decl":{"start":{"line":22,"column":13},"end":{"line":22,"column":14}},"loc":{"start":{"line":22,"column":22},"end":{"line":24,"column":7}},"line":22},"3":{"name":"(anonymous_3)","decl":{"start":{"line":26,"column":2},"end":{"line":26,"column":3}},"loc":{"start":{"line":26,"column":37},"end":{"line":54,"column":3}},"line":26},"4":{"name":"(anonymous_4)","decl":{"start":{"line":45,"column":12},"end":{"line":45,"column":13}},"loc":{"start":{"line":45,"column":22},"end":{"line":52,"column":7}},"line":45},"5":{"name":"(anonymous_5)","decl":{"start":{"line":53,"column":13},"end":{"line":53,"column":14}},"loc":{"start":{"line":53,"column":22},"end":{"line":53,"column":31}},"line":53},"6":{"name":"(anonymous_6)","decl":{"start":{"line":55,"column":2},"end":{"line":55,"column":3}},"loc":{"start":{"line":55,"column":36},"end":{"line":74,"column":3}},"line":55},"7":{"name":"(anonymous_7)","decl":{"start":{"line":67,"column":12},"end":{"line":67,"column":13}},"loc":{"start":{"line":67,"column":22},"end":{"line":69,"column":7}},"line":67},"8":{"name":"(anonymous_8)","decl":{"start":{"line":70,"column":13},"end":{"line":70,"column":14}},"loc":{"start":{"line":70,"column":22},"end":{"line":73,"column":7}},"line":70},"9":{"name":"(anonymous_9)","decl":{"start":{"line":75,"column":2},"end":{"line":75,"column":3}},"loc":{"start":{"line":75,"column":36},"end":{"line":96,"column":3}},"line":75},"10":{"name":"(anonymous_10)","decl":{"start":{"line":86,"column":12},"end":{"line":86,"column":13}},"loc":{"start":{"line":86,"column":22},"end":{"line":92,"column":7}},"line":86},"11":{"name":"(anonymous_11)","decl":{"start":{"line":93,"column":13},"end":{"line":93,"column":14}},"loc":{"start":{"line":93,"column":22},"end":{"line":95,"column":7}},"line":93},"12":{"name":"(anonymous_12)","decl":{"start":{"line":98,"column":2},"end":{"line":98,"column":3}},"loc":{"start":{"line":98,"column":41},"end":{"line":146,"column":3}},"line":98},"13":{"name":"(anonymous_13)","decl":{"start":{"line":119,"column":33},"end":{"line":119,"column":34}},"loc":{"start":{"line":119,"column":41},"end":{"line":119,"column":49}},"line":119},"14":{"name":"(anonymous_14)","decl":{"start":{"line":121,"column":40},"end":{"line":121,"column":41}},"loc":{"start":{"line":121,"column":48},"end":{"line":121,"column":69}},"line":121},"15":{"name":"(anonymous_15)","decl":{"start":{"line":123,"column":40},"end":{"line":123,"column":41}},"loc":{"start":{"line":123,"column":48},"end":{"line":123,"column":60}},"line":123},"16":{"name":"(anonymous_16)","decl":{"start":{"line":124,"column":39},"end":{"line":124,"column":40}},"loc":{"start":{"line":124,"column":47},"end":{"line":124,"column":55}},"line":124},"17":{"name":"(anonymous_17)","decl":{"start":{"line":148,"column":2},"end":{"line":148,"column":3}},"loc":{"start":{"line":148,"column":48},"end":{"line":198,"column":3}},"line":148},"18":{"name":"(anonymous_18)","decl":{"start":{"line":170,"column":33},"end":{"line":170,"column":34}},"loc":{"start":{"line":170,"column":41},"end":{"line":170,"column":49}},"line":170},"19":{"name":"(anonymous_19)","decl":{"start":{"line":172,"column":40},"end":{"line":172,"column":41}},"loc":{"start":{"line":172,"column":48},"end":{"line":172,"column":69}},"line":172},"20":{"name":"(anonymous_20)","decl":{"start":{"line":174,"column":40},"end":{"line":174,"column":41}},"loc":{"start":{"line":174,"column":48},"end":{"line":174,"column":60}},"line":174},"21":{"name":"(anonymous_21)","decl":{"start":{"line":175,"column":39},"end":{"line":175,"column":40}},"loc":{"start":{"line":175,"column":47},"end":{"line":175,"column":55}},"line":175},"22":{"name":"(anonymous_22)","decl":{"start":{"line":200,"column":2},"end":{"line":200,"column":3}},"loc":{"start":{"line":200,"column":36},"end":{"line":214,"column":3}},"line":200},"23":{"name":"(anonymous_23)","decl":{"start":{"line":207,"column":12},"end":{"line":207,"column":13}},"loc":{"start":{"line":207,"column":22},"end":{"line":212,"column":7}},"line":207},"24":{"name":"(anonymous_24)","decl":{"start":{"line":213,"column":13},"end":{"line":213,"column":14}},"loc":{"start":{"line":213,"column":22},"end":{"line":213,"column":31}},"line":213}},"branchMap":{"0":{"loc":{"start":{"line":47,"column":8},"end":{"line":51,"column":9}},"type":"if","locations":[{"start":{"line":47,"column":8},"end":{"line":51,"column":9}},{"start":{"line":47,"column":8},"end":{"line":51,"column":9}}],"line":47},"1":{"loc":{"start":{"line":88,"column":8},"end":{"line":91,"column":9}},"type":"if","locations":[{"start":{"line":88,"column":8},"end":{"line":91,"column":9}},{"start":{"line":88,"column":8},"end":{"line":91,"column":9}}],"line":88},"2":{"loc":{"start":{"line":118,"column":6},"end":{"line":118,"column":71}},"type":"if","locations":[{"start":{"line":118,"column":6},"end":{"line":118,"column":71}},{"start":{"line":118,"column":6},"end":{"line":118,"column":71}}],"line":118},"3":{"loc":{"start":{"line":139,"column":6},"end":{"line":142,"column":7}},"type":"if","locations":[{"start":{"line":139,"column":6},"end":{"line":142,"column":7}},{"start":{"line":139,"column":6},"end":{"line":142,"column":7}}],"line":139},"4":{"loc":{"start":{"line":169,"column":6},"end":{"line":169,"column":72}},"type":"if","locations":[{"start":{"line":169,"column":6},"end":{"line":169,"column":72}},{"start":{"line":169,"column":6},"end":{"line":169,"column":72}}],"line":169},"5":{"loc":{"start":{"line":190,"column":6},"end":{"line":193,"column":7}},"type":"if","locations":[{"start":{"line":190,"column":6},"end":{"line":193,"column":7}},{"start":{"line":190,"column":6},"end":{"line":193,"column":7}}],"line":190},"6":{"loc":{"start":{"line":208,"column":8},"end":{"line":211,"column":9}},"type":"if","locations":[{"start":{"line":208,"column":8},"end":{"line":211,"column":9}},{"start":{"line":208,"column":8},"end":{"line":211,"column":9}}],"line":208}},"s":{"0":1,"1":0,"2":0,"3":0,"4":0,"5":0,"6":0,"7":0,"8":0,"9":0,"10":0,"11":0,"12":0,"13":0,"14":0,"15":0,"16":0,"17":0,"18":0,"19":0,"20":0,"21":0,"22":0,"23":0,"24":0,"25":0,"26":0,"27":0,"28":0,"29":0,"30":0,"31":0,"32":0,"33":0,"34":0,"35":0,"36":0,"37":0,"38":0,"39":0,"40":0,"41":0,"42":0,"43":0,"44":0,"45":0,"46":0,"47":0,"48":0,"49":0,"50":0,"51":0,"52":0,"53":0,"54":0,"55":0,"56":0,"57":0,"58":0,"59":0,"60":0,"61":0,"62":0,"63":0,"64":0,"65":0,"66":0,"67":0,"68":0,"69":0,"70":0,"71":0,"72":1},"f":{"0":0,"1":0,"2":0,"3":0,"4":0,"5":0,"6":0,"7":0,"8":0,"9":0,"10":0,"11":0,"12":0,"13":0,"14":0,"15":0,"16":0,"17":0,"18":0,"19":0,"20":0,"21":0,"22":0,"23":0,"24":0},"b":{"0":[0,0],"1":[0,0],"2":[0,0],"3":[0,0],"4":[0,0],"5":[0,0],"6":[0,0]},"_coverageSchema":"1a1c01bbd47fc00a2c39e90264f33305004495a9","hash":"1049b0ba67adb6d51ccea3d0a95a443ab884b00b"}
,"/home/ananhartanto/Documents/DelivereeBidRepo/server/controllers/shipper.js": {"path":"/home/ananhartanto/Documents/DelivereeBidRepo/server/controllers/shipper.js","statementMap":{"0":{"start":{"line":1,"column":23},"end":{"line":1,"column":43}},"1":{"start":{"line":2,"column":26},"end":{"line":2,"column":53}},"2":{"start":{"line":3,"column":24},"end":{"line":3,"column":48}},"3":{"start":{"line":7,"column":8},"end":{"line":15,"column":32}},"4":{"start":{"line":13,"column":12},"end":{"line":13,"column":41}},"5":{"start":{"line":15,"column":22},"end":{"line":15,"column":31}},"6":{"start":{"line":18,"column":21},"end":{"line":18,"column":31}},"7":{"start":{"line":19,"column":8},"end":{"line":32,"column":10}},"8":{"start":{"line":25,"column":12},"end":{"line":28,"column":13}},"9":{"start":{"line":25,"column":24},"end":{"line":25,"column":67}},"10":{"start":{"line":27,"column":16},"end":{"line":27,"column":44}},"11":{"start":{"line":31,"column":12},"end":{"line":31,"column":21}},"12":{"start":{"line":35,"column":48},"end":{"line":35,"column":56}},"13":{"start":{"line":36,"column":8},"end":{"line":45,"column":10}},"14":{"start":{"line":40,"column":12},"end":{"line":40,"column":122}},"15":{"start":{"line":43,"column":12},"end":{"line":43,"column":40}},"16":{"start":{"line":44,"column":12},"end":{"line":44,"column":21}},"17":{"start":{"line":49,"column":34},"end":{"line":49,"column":42}},"18":{"start":{"line":50,"column":8},"end":{"line":50,"column":83}},"19":{"start":{"line":50,"column":32},"end":{"line":50,"column":83}},"20":{"start":{"line":51,"column":8},"end":{"line":68,"column":10}},"21":{"start":{"line":55,"column":12},"end":{"line":55,"column":76}},"22":{"start":{"line":55,"column":25},"end":{"line":55,"column":76}},"23":{"start":{"line":56,"column":12},"end":{"line":64,"column":13}},"24":{"start":{"line":56,"column":61},"end":{"line":56,"column":112}},"25":{"start":{"line":58,"column":37},"end":{"line":61,"column":18}},"26":{"start":{"line":63,"column":16},"end":{"line":63,"column":132}},"27":{"start":{"line":67,"column":12},"end":{"line":67,"column":21}},"28":{"start":{"line":72,"column":21},"end":{"line":72,"column":31}},"29":{"start":{"line":73,"column":22},"end":{"line":73,"column":40}},"30":{"start":{"line":74,"column":35},"end":{"line":74,"column":43}},"31":{"start":{"line":75,"column":8},"end":{"line":84,"column":10}},"32":{"start":{"line":77,"column":12},"end":{"line":80,"column":13}},"33":{"start":{"line":77,"column":33},"end":{"line":77,"column":72}},"34":{"start":{"line":79,"column":16},"end":{"line":79,"column":69}},"35":{"start":{"line":83,"column":12},"end":{"line":83,"column":21}},"36":{"start":{"line":88,"column":0},"end":{"line":88,"column":34}}},"fnMap":{"0":{"name":"(anonymous_0)","decl":{"start":{"line":6,"column":4},"end":{"line":6,"column":5}},"loc":{"start":{"line":6,"column":34},"end":{"line":16,"column":5}},"line":6},"1":{"name":"(anonymous_1)","decl":{"start":{"line":12,"column":14},"end":{"line":12,"column":15}},"loc":{"start":{"line":12,"column":25},"end":{"line":14,"column":9}},"line":12},"2":{"name":"(anonymous_2)","decl":{"start":{"line":15,"column":15},"end":{"line":15,"column":16}},"loc":{"start":{"line":15,"column":22},"end":{"line":15,"column":31}},"line":15},"3":{"name":"(anonymous_3)","decl":{"start":{"line":17,"column":4},"end":{"line":17,"column":5}},"loc":{"start":{"line":17,"column":34},"end":{"line":33,"column":5}},"line":17},"4":{"name":"(anonymous_4)","decl":{"start":{"line":24,"column":14},"end":{"line":24,"column":15}},"loc":{"start":{"line":24,"column":24},"end":{"line":29,"column":9}},"line":24},"5":{"name":"(anonymous_5)","decl":{"start":{"line":30,"column":15},"end":{"line":30,"column":16}},"loc":{"start":{"line":30,"column":22},"end":{"line":32,"column":9}},"line":30},"6":{"name":"(anonymous_6)","decl":{"start":{"line":34,"column":4},"end":{"line":34,"column":5}},"loc":{"start":{"line":34,"column":35},"end":{"line":46,"column":5}},"line":34},"7":{"name":"(anonymous_7)","decl":{"start":{"line":39,"column":14},"end":{"line":39,"column":15}},"loc":{"start":{"line":39,"column":27},"end":{"line":41,"column":9}},"line":39},"8":{"name":"(anonymous_8)","decl":{"start":{"line":42,"column":15},"end":{"line":42,"column":16}},"loc":{"start":{"line":42,"column":22},"end":{"line":45,"column":9}},"line":42},"9":{"name":"(anonymous_9)","decl":{"start":{"line":48,"column":4},"end":{"line":48,"column":5}},"loc":{"start":{"line":48,"column":32},"end":{"line":69,"column":5}},"line":48},"10":{"name":"(anonymous_10)","decl":{"start":{"line":54,"column":14},"end":{"line":54,"column":15}},"loc":{"start":{"line":54,"column":27},"end":{"line":65,"column":9}},"line":54},"11":{"name":"(anonymous_11)","decl":{"start":{"line":66,"column":15},"end":{"line":66,"column":16}},"loc":{"start":{"line":66,"column":22},"end":{"line":68,"column":9}},"line":66},"12":{"name":"(anonymous_12)","decl":{"start":{"line":71,"column":4},"end":{"line":71,"column":5}},"loc":{"start":{"line":71,"column":40},"end":{"line":85,"column":5}},"line":71},"13":{"name":"(anonymous_13)","decl":{"start":{"line":76,"column":14},"end":{"line":76,"column":15}},"loc":{"start":{"line":76,"column":25},"end":{"line":81,"column":9}},"line":76},"14":{"name":"(anonymous_14)","decl":{"start":{"line":82,"column":15},"end":{"line":82,"column":16}},"loc":{"start":{"line":82,"column":22},"end":{"line":84,"column":9}},"line":82}},"branchMap":{"0":{"loc":{"start":{"line":25,"column":12},"end":{"line":28,"column":13}},"type":"if","locations":[{"start":{"line":25,"column":12},"end":{"line":28,"column":13}},{"start":{"line":25,"column":12},"end":{"line":28,"column":13}}],"line":25},"1":{"loc":{"start":{"line":50,"column":8},"end":{"line":50,"column":83}},"type":"if","locations":[{"start":{"line":50,"column":8},"end":{"line":50,"column":83}},{"start":{"line":50,"column":8},"end":{"line":50,"column":83}}],"line":50},"2":{"loc":{"start":{"line":50,"column":11},"end":{"line":50,"column":30}},"type":"binary-expr","locations":[{"start":{"line":50,"column":11},"end":{"line":50,"column":17}},{"start":{"line":50,"column":21},"end":{"line":50,"column":30}}],"line":50},"3":{"loc":{"start":{"line":55,"column":12},"end":{"line":55,"column":76}},"type":"if","locations":[{"start":{"line":55,"column":12},"end":{"line":55,"column":76}},{"start":{"line":55,"column":12},"end":{"line":55,"column":76}}],"line":55},"4":{"loc":{"start":{"line":56,"column":12},"end":{"line":64,"column":13}},"type":"if","locations":[{"start":{"line":56,"column":12},"end":{"line":64,"column":13}},{"start":{"line":56,"column":12},"end":{"line":64,"column":13}}],"line":56},"5":{"loc":{"start":{"line":77,"column":12},"end":{"line":80,"column":13}},"type":"if","locations":[{"start":{"line":77,"column":12},"end":{"line":80,"column":13}},{"start":{"line":77,"column":12},"end":{"line":80,"column":13}}],"line":77}},"s":{"0":1,"1":1,"2":1,"3":1,"4":1,"5":0,"6":1,"7":1,"8":1,"9":1,"10":0,"11":1,"12":9,"13":9,"14":1,"15":9,"16":9,"17":2,"18":2,"19":0,"20":2,"21":2,"22":1,"23":1,"24":0,"25":1,"26":1,"27":1,"28":4,"29":4,"30":4,"31":4,"32":2,"33":1,"34":1,"35":3,"36":1},"f":{"0":1,"1":1,"2":0,"3":1,"4":1,"5":1,"6":9,"7":1,"8":9,"9":2,"10":2,"11":1,"12":4,"13":2,"14":3},"b":{"0":[1,0],"1":[0,2],"2":[2,2],"3":[1,1],"4":[0,1],"5":[1,1]},"_coverageSchema":"1a1c01bbd47fc00a2c39e90264f33305004495a9","hash":"3984f1d0aad3cc9582d206335f8e05d6af7017b2"}
,"/home/ananhartanto/Documents/DelivereeBidRepo/server/controllers/transporter.js": {"path":"/home/ananhartanto/Documents/DelivereeBidRepo/server/controllers/transporter.js","statementMap":{"0":{"start":{"line":1,"column":22},"end":{"line":1,"column":42}},"1":{"start":{"line":2,"column":26},"end":{"line":2,"column":53}},"2":{"start":{"line":3,"column":24},"end":{"line":3,"column":48}},"3":{"start":{"line":7,"column":8},"end":{"line":15,"column":32}},"4":{"start":{"line":13,"column":12},"end":{"line":13,"column":45}},"5":{"start":{"line":15,"column":22},"end":{"line":15,"column":31}},"6":{"start":{"line":19,"column":21},"end":{"line":19,"column":31}},"7":{"start":{"line":20,"column":8},"end":{"line":29,"column":32}},"8":{"start":{"line":22,"column":12},"end":{"line":27,"column":13}},"9":{"start":{"line":23,"column":16},"end":{"line":23,"column":49}},"10":{"start":{"line":26,"column":16},"end":{"line":26,"column":63}},"11":{"start":{"line":29,"column":22},"end":{"line":29,"column":31}},"12":{"start":{"line":32,"column":59},"end":{"line":32,"column":67}},"13":{"start":{"line":33,"column":8},"end":{"line":41,"column":10}},"14":{"start":{"line":37,"column":12},"end":{"line":37,"column":142}},"15":{"start":{"line":40,"column":12},"end":{"line":40,"column":21}},"16":{"start":{"line":44,"column":34},"end":{"line":44,"column":42}},"17":{"start":{"line":45,"column":8},"end":{"line":45,"column":83}},"18":{"start":{"line":45,"column":32},"end":{"line":45,"column":83}},"19":{"start":{"line":46,"column":8},"end":{"line":65,"column":10}},"20":{"start":{"line":50,"column":12},"end":{"line":50,"column":80}},"21":{"start":{"line":50,"column":29},"end":{"line":50,"column":80}},"22":{"start":{"line":51,"column":12},"end":{"line":61,"column":13}},"23":{"start":{"line":51,"column":65},"end":{"line":51,"column":116}},"24":{"start":{"line":53,"column":37},"end":{"line":58,"column":18}},"25":{"start":{"line":60,"column":16},"end":{"line":60,"column":144}},"26":{"start":{"line":64,"column":12},"end":{"line":64,"column":21}},"27":{"start":{"line":69,"column":21},"end":{"line":69,"column":31}},"28":{"start":{"line":70,"column":25},"end":{"line":70,"column":33}},"29":{"start":{"line":71,"column":8},"end":{"line":78,"column":10}},"30":{"start":{"line":73,"column":12},"end":{"line":73,"column":64}},"31":{"start":{"line":76,"column":12},"end":{"line":76,"column":40}},"32":{"start":{"line":77,"column":12},"end":{"line":77,"column":21}},"33":{"start":{"line":82,"column":21},"end":{"line":82,"column":31}},"34":{"start":{"line":83,"column":22},"end":{"line":83,"column":40}},"35":{"start":{"line":84,"column":44},"end":{"line":84,"column":52}},"36":{"start":{"line":85,"column":8},"end":{"line":94,"column":10}},"37":{"start":{"line":87,"column":12},"end":{"line":90,"column":13}},"38":{"start":{"line":87,"column":37},"end":{"line":87,"column":77}},"39":{"start":{"line":89,"column":16},"end":{"line":89,"column":82}},"40":{"start":{"line":93,"column":12},"end":{"line":93,"column":21}},"41":{"start":{"line":98,"column":0},"end":{"line":98,"column":38}}},"fnMap":{"0":{"name":"(anonymous_0)","decl":{"start":{"line":6,"column":4},"end":{"line":6,"column":5}},"loc":{"start":{"line":6,"column":34},"end":{"line":16,"column":5}},"line":6},"1":{"name":"(anonymous_1)","decl":{"start":{"line":12,"column":14},"end":{"line":12,"column":15}},"loc":{"start":{"line":12,"column":29},"end":{"line":14,"column":9}},"line":12},"2":{"name":"(anonymous_2)","decl":{"start":{"line":15,"column":15},"end":{"line":15,"column":16}},"loc":{"start":{"line":15,"column":22},"end":{"line":15,"column":31}},"line":15},"3":{"name":"(anonymous_3)","decl":{"start":{"line":17,"column":4},"end":{"line":17,"column":5}},"loc":{"start":{"line":17,"column":35},"end":{"line":30,"column":5}},"line":17},"4":{"name":"(anonymous_4)","decl":{"start":{"line":21,"column":14},"end":{"line":21,"column":15}},"loc":{"start":{"line":21,"column":29},"end":{"line":28,"column":9}},"line":21},"5":{"name":"(anonymous_5)","decl":{"start":{"line":29,"column":15},"end":{"line":29,"column":16}},"loc":{"start":{"line":29,"column":22},"end":{"line":29,"column":31}},"line":29},"6":{"name":"(anonymous_6)","decl":{"start":{"line":31,"column":4},"end":{"line":31,"column":5}},"loc":{"start":{"line":31,"column":35},"end":{"line":42,"column":5}},"line":31},"7":{"name":"(anonymous_7)","decl":{"start":{"line":36,"column":14},"end":{"line":36,"column":15}},"loc":{"start":{"line":36,"column":31},"end":{"line":38,"column":9}},"line":36},"8":{"name":"(anonymous_8)","decl":{"start":{"line":39,"column":15},"end":{"line":39,"column":16}},"loc":{"start":{"line":39,"column":22},"end":{"line":41,"column":9}},"line":39},"9":{"name":"(anonymous_9)","decl":{"start":{"line":43,"column":4},"end":{"line":43,"column":5}},"loc":{"start":{"line":43,"column":32},"end":{"line":66,"column":5}},"line":43},"10":{"name":"(anonymous_10)","decl":{"start":{"line":49,"column":14},"end":{"line":49,"column":15}},"loc":{"start":{"line":49,"column":31},"end":{"line":62,"column":9}},"line":49},"11":{"name":"(anonymous_11)","decl":{"start":{"line":63,"column":15},"end":{"line":63,"column":16}},"loc":{"start":{"line":63,"column":22},"end":{"line":65,"column":9}},"line":63},"12":{"name":"(anonymous_12)","decl":{"start":{"line":68,"column":4},"end":{"line":68,"column":5}},"loc":{"start":{"line":68,"column":43},"end":{"line":79,"column":5}},"line":68},"13":{"name":"(anonymous_13)","decl":{"start":{"line":72,"column":14},"end":{"line":72,"column":15}},"loc":{"start":{"line":72,"column":29},"end":{"line":74,"column":9}},"line":72},"14":{"name":"(anonymous_14)","decl":{"start":{"line":75,"column":15},"end":{"line":75,"column":16}},"loc":{"start":{"line":75,"column":22},"end":{"line":78,"column":9}},"line":75},"15":{"name":"(anonymous_15)","decl":{"start":{"line":81,"column":4},"end":{"line":81,"column":5}},"loc":{"start":{"line":81,"column":44},"end":{"line":95,"column":5}},"line":81},"16":{"name":"(anonymous_16)","decl":{"start":{"line":86,"column":14},"end":{"line":86,"column":15}},"loc":{"start":{"line":86,"column":29},"end":{"line":91,"column":9}},"line":86},"17":{"name":"(anonymous_17)","decl":{"start":{"line":92,"column":15},"end":{"line":92,"column":16}},"loc":{"start":{"line":92,"column":22},"end":{"line":94,"column":9}},"line":92}},"branchMap":{"0":{"loc":{"start":{"line":22,"column":12},"end":{"line":27,"column":13}},"type":"if","locations":[{"start":{"line":22,"column":12},"end":{"line":27,"column":13}},{"start":{"line":22,"column":12},"end":{"line":27,"column":13}}],"line":22},"1":{"loc":{"start":{"line":45,"column":8},"end":{"line":45,"column":83}},"type":"if","locations":[{"start":{"line":45,"column":8},"end":{"line":45,"column":83}},{"start":{"line":45,"column":8},"end":{"line":45,"column":83}}],"line":45},"2":{"loc":{"start":{"line":45,"column":11},"end":{"line":45,"column":30}},"type":"binary-expr","locations":[{"start":{"line":45,"column":11},"end":{"line":45,"column":17}},{"start":{"line":45,"column":21},"end":{"line":45,"column":30}}],"line":45},"3":{"loc":{"start":{"line":50,"column":12},"end":{"line":50,"column":80}},"type":"if","locations":[{"start":{"line":50,"column":12},"end":{"line":50,"column":80}},{"start":{"line":50,"column":12},"end":{"line":50,"column":80}}],"line":50},"4":{"loc":{"start":{"line":51,"column":12},"end":{"line":61,"column":13}},"type":"if","locations":[{"start":{"line":51,"column":12},"end":{"line":61,"column":13}},{"start":{"line":51,"column":12},"end":{"line":61,"column":13}}],"line":51},"5":{"loc":{"start":{"line":87,"column":12},"end":{"line":90,"column":13}},"type":"if","locations":[{"start":{"line":87,"column":12},"end":{"line":90,"column":13}},{"start":{"line":87,"column":12},"end":{"line":90,"column":13}}],"line":87}},"s":{"0":1,"1":1,"2":1,"3":0,"4":0,"5":0,"6":0,"7":0,"8":0,"9":0,"10":0,"11":0,"12":0,"13":0,"14":0,"15":0,"16":0,"17":0,"18":0,"19":0,"20":0,"21":0,"22":0,"23":0,"24":0,"25":0,"26":0,"27":0,"28":0,"29":0,"30":0,"31":0,"32":0,"33":0,"34":0,"35":0,"36":0,"37":0,"38":0,"39":0,"40":0,"41":1},"f":{"0":0,"1":0,"2":0,"3":0,"4":0,"5":0,"6":0,"7":0,"8":0,"9":0,"10":0,"11":0,"12":0,"13":0,"14":0,"15":0,"16":0,"17":0},"b":{"0":[0,0],"1":[0,0],"2":[0,0],"3":[0,0],"4":[0,0],"5":[0,0]},"_coverageSchema":"1a1c01bbd47fc00a2c39e90264f33305004495a9","hash":"d2a9e59923585d6b00c0b231df1b3c7008a3ba3f"}
,"/home/ananhartanto/Documents/DelivereeBidRepo/server/helper/bcrypt.js": {"path":"/home/ananhartanto/Documents/DelivereeBidRepo/server/helper/bcrypt.js","statementMap":{"0":{"start":{"line":1,"column":15},"end":{"line":1,"column":34}},"1":{"start":{"line":3,"column":21},"end":{"line":6,"column":1}},"2":{"start":{"line":4,"column":15},"end":{"line":4,"column":37}},"3":{"start":{"line":5,"column":2},"end":{"line":5,"column":40}},"4":{"start":{"line":8,"column":24},"end":{"line":10,"column":1}},"5":{"start":{"line":9,"column":2},"end":{"line":9,"column":53}},"6":{"start":{"line":12,"column":0},"end":{"line":12,"column":50}}},"fnMap":{"0":{"name":"(anonymous_0)","decl":{"start":{"line":3,"column":21},"end":{"line":3,"column":22}},"loc":{"start":{"line":3,"column":35},"end":{"line":6,"column":1}},"line":3},"1":{"name":"(anonymous_1)","decl":{"start":{"line":8,"column":24},"end":{"line":8,"column":25}},"loc":{"start":{"line":8,"column":54},"end":{"line":10,"column":1}},"line":8}},"branchMap":{},"s":{"0":1,"1":1,"2":5,"3":5,"4":1,"5":1,"6":1},"f":{"0":5,"1":1},"b":{},"_coverageSchema":"1a1c01bbd47fc00a2c39e90264f33305004495a9","hash":"c85de27cf40cc5a66b85a2171dff99c1efae9ce5"}
,"/home/ananhartanto/Documents/DelivereeBidRepo/server/helper/jwt.js": {"path":"/home/ananhartanto/Documents/DelivereeBidRepo/server/helper/jwt.js","statementMap":{"0":{"start":{"line":1,"column":12},"end":{"line":1,"column":35}},"1":{"start":{"line":3,"column":22},"end":{"line":5,"column":1}},"2":{"start":{"line":4,"column":2},"end":{"line":4,"column":36}},"3":{"start":{"line":7,"column":20},"end":{"line":9,"column":1}},"4":{"start":{"line":8,"column":2},"end":{"line":8,"column":36}},"5":{"start":{"line":11,"column":0},"end":{"line":11,"column":47}}},"fnMap":{"0":{"name":"(anonymous_0)","decl":{"start":{"line":3,"column":22},"end":{"line":3,"column":23}},"loc":{"start":{"line":3,"column":35},"end":{"line":5,"column":1}},"line":3},"1":{"name":"(anonymous_1)","decl":{"start":{"line":7,"column":20},"end":{"line":7,"column":21}},"loc":{"start":{"line":7,"column":31},"end":{"line":9,"column":1}},"line":7}},"branchMap":{},"s":{"0":1,"1":1,"2":2,"3":1,"4":5,"5":1},"f":{"0":2,"1":5},"b":{},"_coverageSchema":"1a1c01bbd47fc00a2c39e90264f33305004495a9","hash":"11712cb8dff05d19d8b11e2a3777ab656c63b357"}
,"/home/ananhartanto/Documents/DelivereeBidRepo/server/middlewares/auth.js": {"path":"/home/ananhartanto/Documents/DelivereeBidRepo/server/middlewares/auth.js","statementMap":{"0":{"start":{"line":1,"column":24},"end":{"line":1,"column":48}},"1":{"start":{"line":2,"column":44},"end":{"line":2,"column":64}},"2":{"start":{"line":5,"column":25},"end":{"line":5,"column":36}},"3":{"start":{"line":6,"column":2},"end":{"line":21,"column":3}},"4":{"start":{"line":7,"column":4},"end":{"line":18,"column":5}},"5":{"start":{"line":7,"column":23},"end":{"line":7,"column":73}},"6":{"start":{"line":9,"column":20},"end":{"line":9,"column":45}},"7":{"start":{"line":10,"column":24},"end":{"line":12,"column":8}},"8":{"start":{"line":13,"column":6},"end":{"line":17,"column":7}},"9":{"start":{"line":13,"column":24},"end":{"line":13,"column":74}},"10":{"start":{"line":15,"column":8},"end":{"line":15,"column":31}},"11":{"start":{"line":16,"column":8},"end":{"line":16,"column":15}},"12":{"start":{"line":20,"column":4},"end":{"line":20,"column":14}},"13":{"start":{"line":24,"column":25},"end":{"line":24,"column":36}},"14":{"start":{"line":25,"column":2},"end":{"line":40,"column":3}},"15":{"start":{"line":26,"column":4},"end":{"line":37,"column":5}},"16":{"start":{"line":26,"column":23},"end":{"line":26,"column":73}},"17":{"start":{"line":28,"column":20},"end":{"line":28,"column":45}},"18":{"start":{"line":29,"column":20},"end":{"line":31,"column":8}},"19":{"start":{"line":32,"column":6},"end":{"line":36,"column":7}},"20":{"start":{"line":32,"column":20},"end":{"line":32,"column":70}},"21":{"start":{"line":34,"column":8},"end":{"line":34,"column":31}},"22":{"start":{"line":35,"column":8},"end":{"line":35,"column":15}},"23":{"start":{"line":39,"column":4},"end":{"line":39,"column":14}},"24":{"start":{"line":43,"column":2},"end":{"line":51,"column":3}},"25":{"start":{"line":44,"column":15},"end":{"line":44,"column":49}},"26":{"start":{"line":45,"column":4},"end":{"line":45,"column":58}},"27":{"start":{"line":45,"column":15},"end":{"line":45,"column":58}},"28":{"start":{"line":46,"column":4},"end":{"line":48,"column":54}},"29":{"start":{"line":47,"column":6},"end":{"line":47,"column":13}},"30":{"start":{"line":48,"column":11},"end":{"line":48,"column":54}},"31":{"start":{"line":50,"column":4},"end":{"line":50,"column":14}},"32":{"start":{"line":54,"column":2},"end":{"line":62,"column":3}},"33":{"start":{"line":55,"column":14},"end":{"line":55,"column":47}},"34":{"start":{"line":56,"column":4},"end":{"line":56,"column":56}},"35":{"start":{"line":56,"column":14},"end":{"line":56,"column":56}},"36":{"start":{"line":57,"column":4},"end":{"line":59,"column":54}},"37":{"start":{"line":58,"column":6},"end":{"line":58,"column":13}},"38":{"start":{"line":59,"column":11},"end":{"line":59,"column":54}},"39":{"start":{"line":61,"column":4},"end":{"line":61,"column":14}},"40":{"start":{"line":65,"column":0},"end":{"line":70,"column":2}}},"fnMap":{"0":{"name":"authenticationTransporter","decl":{"start":{"line":4,"column":15},"end":{"line":4,"column":40}},"loc":{"start":{"line":4,"column":57},"end":{"line":22,"column":1}},"line":4},"1":{"name":"authenticationShipper","decl":{"start":{"line":23,"column":15},"end":{"line":23,"column":36}},"loc":{"start":{"line":23,"column":53},"end":{"line":41,"column":1}},"line":23},"2":{"name":"authorizationPost","decl":{"start":{"line":42,"column":15},"end":{"line":42,"column":32}},"loc":{"start":{"line":42,"column":49},"end":{"line":52,"column":1}},"line":42},"3":{"name":"authorizationBid","decl":{"start":{"line":53,"column":15},"end":{"line":53,"column":31}},"loc":{"start":{"line":53,"column":48},"end":{"line":63,"column":1}},"line":53}},"branchMap":{"0":{"loc":{"start":{"line":7,"column":4},"end":{"line":18,"column":5}},"type":"if","locations":[{"start":{"line":7,"column":4},"end":{"line":18,"column":5}},{"start":{"line":7,"column":4},"end":{"line":18,"column":5}}],"line":7},"1":{"loc":{"start":{"line":13,"column":6},"end":{"line":17,"column":7}},"type":"if","locations":[{"start":{"line":13,"column":6},"end":{"line":17,"column":7}},{"start":{"line":13,"column":6},"end":{"line":17,"column":7}}],"line":13},"2":{"loc":{"start":{"line":26,"column":4},"end":{"line":37,"column":5}},"type":"if","locations":[{"start":{"line":26,"column":4},"end":{"line":37,"column":5}},{"start":{"line":26,"column":4},"end":{"line":37,"column":5}}],"line":26},"3":{"loc":{"start":{"line":32,"column":6},"end":{"line":36,"column":7}},"type":"if","locations":[{"start":{"line":32,"column":6},"end":{"line":36,"column":7}},{"start":{"line":32,"column":6},"end":{"line":36,"column":7}}],"line":32},"4":{"loc":{"start":{"line":45,"column":4},"end":{"line":45,"column":58}},"type":"if","locations":[{"start":{"line":45,"column":4},"end":{"line":45,"column":58}},{"start":{"line":45,"column":4},"end":{"line":45,"column":58}}],"line":45},"5":{"loc":{"start":{"line":46,"column":4},"end":{"line":48,"column":54}},"type":"if","locations":[{"start":{"line":46,"column":4},"end":{"line":48,"column":54}},{"start":{"line":46,"column":4},"end":{"line":48,"column":54}}],"line":46},"6":{"loc":{"start":{"line":56,"column":4},"end":{"line":56,"column":56}},"type":"if","locations":[{"start":{"line":56,"column":4},"end":{"line":56,"column":56}},{"start":{"line":56,"column":4},"end":{"line":56,"column":56}}],"line":56},"7":{"loc":{"start":{"line":57,"column":4},"end":{"line":59,"column":54}},"type":"if","locations":[{"start":{"line":57,"column":4},"end":{"line":59,"column":54}},{"start":{"line":57,"column":4},"end":{"line":59,"column":54}}],"line":57}},"s":{"0":1,"1":1,"2":0,"3":0,"4":0,"5":0,"6":0,"7":0,"8":0,"9":0,"10":0,"11":0,"12":0,"13":5,"14":5,"15":5,"16":1,"17":4,"18":4,"19":4,"20":0,"21":4,"22":4,"23":1,"24":0,"25":0,"26":0,"27":0,"28":0,"29":0,"30":0,"31":0,"32":0,"33":0,"34":0,"35":0,"36":0,"37":0,"38":0,"39":0,"40":1},"f":{"0":0,"1":5,"2":0,"3":0},"b":{"0":[0,0],"1":[0,0],"2":[1,4],"3":[0,4],"4":[0,0],"5":[0,0],"6":[0,0],"7":[0,0]},"_coverageSchema":"1a1c01bbd47fc00a2c39e90264f33305004495a9","hash":"8279756b70d24b0d0ebb38e048ae229e750e41b8"}
,"/home/ananhartanto/Documents/DelivereeBidRepo/server/middlewares/errHandler.js": {"path":"/home/ananhartanto/Documents/DelivereeBidRepo/server/middlewares/errHandler.js","statementMap":{"0":{"start":{"line":2,"column":15},"end":{"line":2,"column":30}},"1":{"start":{"line":3,"column":14},"end":{"line":3,"column":48}},"2":{"start":{"line":4,"column":17},"end":{"line":4,"column":19}},"3":{"start":{"line":6,"column":4},"end":{"line":32,"column":5}},"4":{"start":{"line":8,"column":12},"end":{"line":12,"column":14}},"5":{"start":{"line":9,"column":16},"end":{"line":11,"column":17}},"6":{"start":{"line":10,"column":20},"end":{"line":10,"column":43}},"7":{"start":{"line":13,"column":12},"end":{"line":13,"column":22}},"8":{"start":{"line":14,"column":12},"end":{"line":14,"column":35}},"9":{"start":{"line":15,"column":12},"end":{"line":15,"column":18}},"10":{"start":{"line":17,"column":12},"end":{"line":17,"column":22}},"11":{"start":{"line":18,"column":12},"end":{"line":18,"column":47}},"12":{"start":{"line":19,"column":12},"end":{"line":19,"column":18}},"13":{"start":{"line":21,"column":12},"end":{"line":21,"column":23}},"14":{"start":{"line":22,"column":12},"end":{"line":22,"column":48}},"15":{"start":{"line":23,"column":12},"end":{"line":23,"column":18}},"16":{"start":{"line":25,"column":12},"end":{"line":25,"column":23}},"17":{"start":{"line":26,"column":12},"end":{"line":26,"column":44}},"18":{"start":{"line":27,"column":12},"end":{"line":27,"column":18}},"19":{"start":{"line":29,"column":12},"end":{"line":29,"column":32}},"20":{"start":{"line":30,"column":12},"end":{"line":30,"column":27}},"21":{"start":{"line":31,"column":12},"end":{"line":31,"column":18}},"22":{"start":{"line":33,"column":4},"end":{"line":33,"column":23}},"23":{"start":{"line":34,"column":4},"end":{"line":34,"column":33}},"24":{"start":{"line":37,"column":0},"end":{"line":37,"column":28}}},"fnMap":{"0":{"name":"errHandler","decl":{"start":{"line":1,"column":9},"end":{"line":1,"column":19}},"loc":{"start":{"line":1,"column":40},"end":{"line":35,"column":1}},"line":1},"1":{"name":"(anonymous_1)","decl":{"start":{"line":8,"column":31},"end":{"line":8,"column":32}},"loc":{"start":{"line":8,"column":37},"end":{"line":12,"column":13}},"line":8}},"branchMap":{"0":{"loc":{"start":{"line":2,"column":15},"end":{"line":2,"column":30}},"type":"binary-expr","locations":[{"start":{"line":2,"column":15},"end":{"line":2,"column":23}},{"start":{"line":2,"column":27},"end":{"line":2,"column":30}}],"line":2},"1":{"loc":{"start":{"line":3,"column":14},"end":{"line":3,"column":48}},"type":"binary-expr","locations":[{"start":{"line":3,"column":14},"end":{"line":3,"column":21}},{"start":{"line":3,"column":25},"end":{"line":3,"column":48}}],"line":3},"2":{"loc":{"start":{"line":6,"column":4},"end":{"line":32,"column":5}},"type":"switch","locations":[{"start":{"line":7,"column":8},"end":{"line":15,"column":18}},{"start":{"line":16,"column":8},"end":{"line":19,"column":18}},{"start":{"line":20,"column":8},"end":{"line":23,"column":18}},{"start":{"line":24,"column":8},"end":{"line":27,"column":18}},{"start":{"line":28,"column":8},"end":{"line":31,"column":18}}],"line":6},"3":{"loc":{"start":{"line":9,"column":16},"end":{"line":11,"column":17}},"type":"if","locations":[{"start":{"line":9,"column":16},"end":{"line":11,"column":17}},{"start":{"line":9,"column":16},"end":{"line":11,"column":17}}],"line":9}},"s":{"0":15,"1":15,"2":15,"3":15,"4":9,"5":11,"6":11,"7":9,"8":9,"9":9,"10":1,"11":1,"12":1,"13":0,"14":0,"15":0,"16":0,"17":0,"18":0,"19":5,"20":5,"21":5,"22":15,"23":15,"24":1},"f":{"0":15,"1":11},"b":{"0":[15,11],"1":[15,11],"2":[9,1,0,0,5],"3":[11,0]},"_coverageSchema":"1a1c01bbd47fc00a2c39e90264f33305004495a9","hash":"991774ac650c4a63c73d73d125c3d475a8c78072"}
,"/home/ananhartanto/Documents/DelivereeBidRepo/server/middlewares/upload.js": {"path":"/home/ananhartanto/Documents/DelivereeBidRepo/server/middlewares/upload.js","statementMap":{"0":{"start":{"line":1,"column":15},"end":{"line":1,"column":32}},"1":{"start":{"line":3,"column":16},"end":{"line":11,"column":4}},"2":{"start":{"line":9,"column":6},"end":{"line":9,"column":49}},"3":{"start":{"line":13,"column":15},"end":{"line":18,"column":2}},"4":{"start":{"line":20,"column":0},"end":{"line":20,"column":23}}},"fnMap":{"0":{"name":"(anonymous_0)","decl":{"start":{"line":8,"column":12},"end":{"line":8,"column":13}},"loc":{"start":{"line":8,"column":27},"end":{"line":10,"column":5}},"line":8}},"branchMap":{},"s":{"0":1,"1":1,"2":0,"3":1,"4":1},"f":{"0":0},"b":{},"_coverageSchema":"1a1c01bbd47fc00a2c39e90264f33305004495a9","hash":"fb6db4ac7c5a441f60d7c2c1b4d45c4cf1d7a420"}
,"/home/ananhartanto/Documents/DelivereeBidRepo/server/models/bid.js": {"path":"/home/ananhartanto/Documents/DelivereeBidRepo/server/models/bid.js","statementMap":{"0":{"start":{"line":4,"column":4},"end":{"line":4,"column":24}},"1":{"start":{"line":5,"column":0},"end":{"line":62,"column":2}},"2":{"start":{"line":14,"column":6},"end":{"line":14,"column":35}},"3":{"start":{"line":15,"column":6},"end":{"line":15,"column":30}},"4":{"start":{"line":18,"column":2},"end":{"line":60,"column":5}},"5":{"start":{"line":61,"column":2},"end":{"line":61,"column":13}}},"fnMap":{"0":{"name":"(anonymous_0)","decl":{"start":{"line":5,"column":17},"end":{"line":5,"column":18}},"loc":{"start":{"line":5,"column":43},"end":{"line":62,"column":1}},"line":5},"1":{"name":"(anonymous_1)","decl":{"start":{"line":12,"column":4},"end":{"line":12,"column":5}},"loc":{"start":{"line":12,"column":29},"end":{"line":16,"column":5}},"line":12}},"branchMap":{},"s":{"0":1,"1":1,"2":1,"3":1,"4":1,"5":1},"f":{"0":1,"1":1},"b":{},"_coverageSchema":"1a1c01bbd47fc00a2c39e90264f33305004495a9","hash":"fc9f07248c1a97832627530de964d7f83d72b7e1"}
,"/home/ananhartanto/Documents/DelivereeBidRepo/server/models/index.js": {"path":"/home/ananhartanto/Documents/DelivereeBidRepo/server/models/index.js","statementMap":{"0":{"start":{"line":3,"column":11},"end":{"line":3,"column":24}},"1":{"start":{"line":4,"column":13},"end":{"line":4,"column":28}},"2":{"start":{"line":5,"column":18},"end":{"line":5,"column":38}},"3":{"start":{"line":6,"column":17},"end":{"line":6,"column":42}},"4":{"start":{"line":7,"column":12},"end":{"line":7,"column":49}},"5":{"start":{"line":8,"column":15},"end":{"line":8,"column":65}},"6":{"start":{"line":9,"column":11},"end":{"line":9,"column":13}},"7":{"start":{"line":12,"column":0},"end":{"line":16,"column":1}},"8":{"start":{"line":13,"column":2},"end":{"line":13,"column":74}},"9":{"start":{"line":15,"column":2},"end":{"line":15,"column":87}},"10":{"start":{"line":18,"column":0},"end":{"line":26,"column":5}},"11":{"start":{"line":21,"column":4},"end":{"line":21,"column":90}},"12":{"start":{"line":24,"column":18},"end":{"line":24,"column":85}},"13":{"start":{"line":25,"column":4},"end":{"line":25,"column":27}},"14":{"start":{"line":28,"column":0},"end":{"line":32,"column":3}},"15":{"start":{"line":29,"column":2},"end":{"line":31,"column":3}},"16":{"start":{"line":30,"column":4},"end":{"line":30,"column":32}},"17":{"start":{"line":34,"column":0},"end":{"line":34,"column":25}},"18":{"start":{"line":35,"column":0},"end":{"line":35,"column":25}},"19":{"start":{"line":37,"column":0},"end":{"line":37,"column":20}}},"fnMap":{"0":{"name":"(anonymous_0)","decl":{"start":{"line":20,"column":10},"end":{"line":20,"column":11}},"loc":{"start":{"line":20,"column":18},"end":{"line":22,"column":3}},"line":20},"1":{"name":"(anonymous_1)","decl":{"start":{"line":23,"column":11},"end":{"line":23,"column":12}},"loc":{"start":{"line":23,"column":19},"end":{"line":26,"column":3}},"line":23},"2":{"name":"(anonymous_2)","decl":{"start":{"line":28,"column":24},"end":{"line":28,"column":25}},"loc":{"start":{"line":28,"column":37},"end":{"line":32,"column":1}},"line":28}},"branchMap":{"0":{"loc":{"start":{"line":7,"column":12},"end":{"line":7,"column":49}},"type":"binary-expr","locations":[{"start":{"line":7,"column":12},"end":{"line":7,"column":32}},{"start":{"line":7,"column":36},"end":{"line":7,"column":49}}],"line":7},"1":{"loc":{"start":{"line":12,"column":0},"end":{"line":16,"column":1}},"type":"if","locations":[{"start":{"line":12,"column":0},"end":{"line":16,"column":1}},{"start":{"line":12,"column":0},"end":{"line":16,"column":1}}],"line":12},"2":{"loc":{"start":{"line":21,"column":11},"end":{"line":21,"column":89}},"type":"binary-expr","locations":[{"start":{"line":21,"column":12},"end":{"line":21,"column":35}},{"start":{"line":21,"column":41},"end":{"line":21,"column":58}},{"start":{"line":21,"column":64},"end":{"line":21,"column":88}}],"line":21},"3":{"loc":{"start":{"line":29,"column":2},"end":{"line":31,"column":3}},"type":"if","locations":[{"start":{"line":29,"column":2},"end":{"line":31,"column":3}},{"start":{"line":29,"column":2},"end":{"line":31,"column":3}}],"line":29}},"s":{"0":1,"1":1,"2":1,"3":1,"4":1,"5":1,"6":1,"7":1,"8":0,"9":1,"10":1,"11":5,"12":4,"13":4,"14":1,"15":4,"16":4,"17":1,"18":1,"19":1},"f":{"0":5,"1":4,"2":4},"b":{"0":[1,0],"1":[0,1],"2":[5,5,4],"3":[4,0]},"_coverageSchema":"1a1c01bbd47fc00a2c39e90264f33305004495a9","hash":"54257f471810bd9f7291bf6c1909bedb85b30fcc"}
,"/home/ananhartanto/Documents/DelivereeBidRepo/server/models/post.js": {"path":"/home/ananhartanto/Documents/DelivereeBidRepo/server/models/post.js","statementMap":{"0":{"start":{"line":4,"column":4},"end":{"line":4,"column":24}},"1":{"start":{"line":5,"column":0},"end":{"line":88,"column":2}},"2":{"start":{"line":14,"column":6},"end":{"line":14,"column":40}},"3":{"start":{"line":15,"column":6},"end":{"line":15,"column":32}},"4":{"start":{"line":18,"column":2},"end":{"line":86,"column":5}},"5":{"start":{"line":54,"column":10},"end":{"line":54,"column":62}},"6":{"start":{"line":54,"column":24},"end":{"line":54,"column":62}},"7":{"start":{"line":87,"column":2},"end":{"line":87,"column":14}}},"fnMap":{"0":{"name":"(anonymous_0)","decl":{"start":{"line":5,"column":17},"end":{"line":5,"column":18}},"loc":{"start":{"line":5,"column":43},"end":{"line":88,"column":1}},"line":5},"1":{"name":"(anonymous_1)","decl":{"start":{"line":12,"column":4},"end":{"line":12,"column":5}},"loc":{"start":{"line":12,"column":29},"end":{"line":16,"column":5}},"line":12},"2":{"name":"(anonymous_2)","decl":{"start":{"line":53,"column":8},"end":{"line":53,"column":9}},"loc":{"start":{"line":53,"column":18},"end":{"line":55,"column":9}},"line":53}},"branchMap":{"0":{"loc":{"start":{"line":54,"column":10},"end":{"line":54,"column":62}},"type":"if","locations":[{"start":{"line":54,"column":10},"end":{"line":54,"column":62}},{"start":{"line":54,"column":10},"end":{"line":54,"column":62}}],"line":54}},"s":{"0":1,"1":1,"2":1,"3":1,"4":1,"5":0,"6":0,"7":1},"f":{"0":1,"1":1,"2":0},"b":{"0":[0,0]},"_coverageSchema":"1a1c01bbd47fc00a2c39e90264f33305004495a9","hash":"a4d546aaeedfb875a8780f5343d1755094452430"}
,"/home/ananhartanto/Documents/DelivereeBidRepo/server/models/shipper.js": {"path":"/home/ananhartanto/Documents/DelivereeBidRepo/server/models/shipper.js","statementMap":{"0":{"start":{"line":4,"column":4},"end":{"line":4,"column":24}},"1":{"start":{"line":5,"column":23},"end":{"line":5,"column":50}},"2":{"start":{"line":6,"column":0},"end":{"line":73,"column":2}},"3":{"start":{"line":15,"column":6},"end":{"line":15,"column":33}},"4":{"start":{"line":18,"column":2},"end":{"line":68,"column":5}},"5":{"start":{"line":59,"column":10},"end":{"line":61,"column":11}},"6":{"start":{"line":60,"column":12},"end":{"line":60,"column":51}},"7":{"start":{"line":69,"column":2},"end":{"line":71,"column":4}},"8":{"start":{"line":70,"column":4},"end":{"line":70,"column":53}},"9":{"start":{"line":72,"column":2},"end":{"line":72,"column":17}}},"fnMap":{"0":{"name":"(anonymous_0)","decl":{"start":{"line":6,"column":17},"end":{"line":6,"column":18}},"loc":{"start":{"line":6,"column":43},"end":{"line":73,"column":1}},"line":6},"1":{"name":"(anonymous_1)","decl":{"start":{"line":13,"column":4},"end":{"line":13,"column":5}},"loc":{"start":{"line":13,"column":29},"end":{"line":16,"column":5}},"line":13},"2":{"name":"(anonymous_2)","decl":{"start":{"line":58,"column":8},"end":{"line":58,"column":9}},"loc":{"start":{"line":58,"column":20},"end":{"line":62,"column":9}},"line":58},"3":{"name":"(anonymous_3)","decl":{"start":{"line":69,"column":23},"end":{"line":69,"column":24}},"loc":{"start":{"line":69,"column":44},"end":{"line":71,"column":3}},"line":69}},"branchMap":{"0":{"loc":{"start":{"line":59,"column":10},"end":{"line":61,"column":11}},"type":"if","locations":[{"start":{"line":59,"column":10},"end":{"line":61,"column":11}},{"start":{"line":59,"column":10},"end":{"line":61,"column":11}}],"line":59}},"s":{"0":1,"1":1,"2":1,"3":1,"4":1,"5":16,"6":1,"7":1,"8":5,"9":1},"f":{"0":1,"1":1,"2":16,"3":5},"b":{"0":[1,15]},"_coverageSchema":"1a1c01bbd47fc00a2c39e90264f33305004495a9","hash":"6067b044a4ecec656af0ccca17cb339055954e1b"}
,"/home/ananhartanto/Documents/DelivereeBidRepo/server/models/transporter.js": {"path":"/home/ananhartanto/Documents/DelivereeBidRepo/server/models/transporter.js","statementMap":{"0":{"start":{"line":2,"column":21},"end":{"line":2,"column":40}},"1":{"start":{"line":5,"column":4},"end":{"line":5,"column":24}},"2":{"start":{"line":6,"column":23},"end":{"line":6,"column":50}},"3":{"start":{"line":7,"column":0},"end":{"line":83,"column":2}},"4":{"start":{"line":16,"column":6},"end":{"line":16,"column":38}},"5":{"start":{"line":19,"column":2},"end":{"line":77,"column":5}},"6":{"start":{"line":60,"column":10},"end":{"line":62,"column":11}},"7":{"start":{"line":61,"column":12},"end":{"line":61,"column":51}},"8":{"start":{"line":79,"column":2},"end":{"line":81,"column":4}},"9":{"start":{"line":80,"column":4},"end":{"line":80,"column":61}},"10":{"start":{"line":82,"column":2},"end":{"line":82,"column":21}}},"fnMap":{"0":{"name":"(anonymous_0)","decl":{"start":{"line":7,"column":17},"end":{"line":7,"column":18}},"loc":{"start":{"line":7,"column":43},"end":{"line":83,"column":1}},"line":7},"1":{"name":"(anonymous_1)","decl":{"start":{"line":14,"column":4},"end":{"line":14,"column":5}},"loc":{"start":{"line":14,"column":29},"end":{"line":17,"column":5}},"line":14},"2":{"name":"(anonymous_2)","decl":{"start":{"line":59,"column":8},"end":{"line":59,"column":9}},"loc":{"start":{"line":59,"column":20},"end":{"line":63,"column":9}},"line":59},"3":{"name":"(anonymous_3)","decl":{"start":{"line":79,"column":27},"end":{"line":79,"column":28}},"loc":{"start":{"line":79,"column":52},"end":{"line":81,"column":3}},"line":79}},"branchMap":{"0":{"loc":{"start":{"line":60,"column":10},"end":{"line":62,"column":11}},"type":"if","locations":[{"start":{"line":60,"column":10},"end":{"line":62,"column":11}},{"start":{"line":60,"column":10},"end":{"line":62,"column":11}}],"line":60}},"s":{"0":1,"1":1,"2":1,"3":1,"4":1,"5":1,"6":0,"7":0,"8":1,"9":0,"10":1},"f":{"0":1,"1":1,"2":0,"3":0},"b":{"0":[0,0]},"_coverageSchema":"1a1c01bbd47fc00a2c39e90264f33305004495a9","hash":"3e566b118ed1b6c241fb84f2be1e66f3831a64b3"}
,"/home/ananhartanto/Documents/DelivereeBidRepo/server/router/bid.js": {"path":"/home/ananhartanto/Documents/DelivereeBidRepo/server/router/bid.js","statementMap":{"0":{"start":{"line":1,"column":15},"end":{"line":1,"column":42}},"1":{"start":{"line":2,"column":22},"end":{"line":2,"column":51}},"2":{"start":{"line":3,"column":15},"end":{"line":3,"column":47}},"3":{"start":{"line":4,"column":50},"end":{"line":4,"column":80}},"4":{"start":{"line":6,"column":0},"end":{"line":6,"column":38}},"5":{"start":{"line":7,"column":0},"end":{"line":7,"column":41}},"6":{"start":{"line":8,"column":0},"end":{"line":8,"column":33}},"7":{"start":{"line":9,"column":0},"end":{"line":9,"column":64}},"8":{"start":{"line":10,"column":0},"end":{"line":10,"column":84}},"9":{"start":{"line":11,"column":0},"end":{"line":11,"column":64}},"10":{"start":{"line":15,"column":0},"end":{"line":15,"column":23}}},"fnMap":{},"branchMap":{},"s":{"0":1,"1":1,"2":1,"3":1,"4":1,"5":1,"6":1,"7":1,"8":1,"9":1,"10":1},"f":{},"b":{},"_coverageSchema":"1a1c01bbd47fc00a2c39e90264f33305004495a9","hash":"9d65d6c71d3923fdc686994360ac5a05c9c66980"}
,"/home/ananhartanto/Documents/DelivereeBidRepo/server/router/index.js": {"path":"/home/ananhartanto/Documents/DelivereeBidRepo/server/router/index.js","statementMap":{"0":{"start":{"line":1,"column":15},"end":{"line":1,"column":42}},"1":{"start":{"line":3,"column":19},"end":{"line":3,"column":36}},"2":{"start":{"line":4,"column":26},"end":{"line":4,"column":50}},"3":{"start":{"line":5,"column":22},"end":{"line":5,"column":42}},"4":{"start":{"line":6,"column":18},"end":{"line":6,"column":34}},"5":{"start":{"line":8,"column":0},"end":{"line":8,"column":45}},"6":{"start":{"line":9,"column":0},"end":{"line":9,"column":37}},"7":{"start":{"line":10,"column":0},"end":{"line":10,"column":29}},"8":{"start":{"line":11,"column":0},"end":{"line":11,"column":31}},"9":{"start":{"line":13,"column":0},"end":{"line":13,"column":23}}},"fnMap":{},"branchMap":{},"s":{"0":1,"1":1,"2":1,"3":1,"4":1,"5":1,"6":1,"7":1,"8":1,"9":1},"f":{},"b":{},"_coverageSchema":"1a1c01bbd47fc00a2c39e90264f33305004495a9","hash":"a67a532acc255f19f7cd3d28251bd733d954dd55"}
,"/home/ananhartanto/Documents/DelivereeBidRepo/server/router/post.js": {"path":"/home/ananhartanto/Documents/DelivereeBidRepo/server/router/post.js","statementMap":{"0":{"start":{"line":1,"column":15},"end":{"line":1,"column":42}},"1":{"start":{"line":2,"column":23},"end":{"line":2,"column":53}},"2":{"start":{"line":3,"column":55},"end":{"line":3,"column":85}},"3":{"start":{"line":5,"column":0},"end":{"line":5,"column":39}},"4":{"start":{"line":6,"column":0},"end":{"line":6,"column":46}},"5":{"start":{"line":7,"column":0},"end":{"line":7,"column":46}},"6":{"start":{"line":8,"column":0},"end":{"line":8,"column":62}},"7":{"start":{"line":9,"column":0},"end":{"line":9,"column":37}},"8":{"start":{"line":10,"column":0},"end":{"line":10,"column":43}},"9":{"start":{"line":12,"column":0},"end":{"line":12,"column":64}},"10":{"start":{"line":13,"column":0},"end":{"line":13,"column":67}},"11":{"start":{"line":17,"column":0},"end":{"line":17,"column":23}}},"fnMap":{},"branchMap":{},"s":{"0":1,"1":1,"2":1,"3":1,"4":1,"5":1,"6":1,"7":1,"8":1,"9":1,"10":1,"11":1},"f":{},"b":{},"_coverageSchema":"1a1c01bbd47fc00a2c39e90264f33305004495a9","hash":"3e710eb6feb21d13d901cff6b7c80dcbed396f69"}
,"/home/ananhartanto/Documents/DelivereeBidRepo/server/router/shipper.js": {"path":"/home/ananhartanto/Documents/DelivereeBidRepo/server/router/shipper.js","statementMap":{"0":{"start":{"line":1,"column":15},"end":{"line":1,"column":42}},"1":{"start":{"line":2,"column":26},"end":{"line":2,"column":59}},"2":{"start":{"line":3,"column":15},"end":{"line":3,"column":47}},"3":{"start":{"line":4,"column":32},"end":{"line":4,"column":62}},"4":{"start":{"line":5,"column":0},"end":{"line":5,"column":75}},"5":{"start":{"line":6,"column":0},"end":{"line":6,"column":46}},"6":{"start":{"line":7,"column":0},"end":{"line":7,"column":42}},"7":{"start":{"line":8,"column":0},"end":{"line":8,"column":45}},"8":{"start":{"line":9,"column":0},"end":{"line":9,"column":74}},"9":{"start":{"line":12,"column":0},"end":{"line":12,"column":23}}},"fnMap":{},"branchMap":{},"s":{"0":1,"1":1,"2":1,"3":1,"4":1,"5":1,"6":1,"7":1,"8":1,"9":1},"f":{},"b":{},"_coverageSchema":"1a1c01bbd47fc00a2c39e90264f33305004495a9","hash":"8181168614c19354eb8f91cae69e88b1a69823a1"}
,"/home/ananhartanto/Documents/DelivereeBidRepo/server/router/transporter.js": {"path":"/home/ananhartanto/Documents/DelivereeBidRepo/server/router/transporter.js","statementMap":{"0":{"start":{"line":1,"column":15},"end":{"line":1,"column":42}},"1":{"start":{"line":2,"column":30},"end":{"line":2,"column":67}},"2":{"start":{"line":3,"column":15},"end":{"line":3,"column":47}},"3":{"start":{"line":4,"column":36},"end":{"line":4,"column":66}},"4":{"start":{"line":6,"column":0},"end":{"line":6,"column":79}},"5":{"start":{"line":7,"column":0},"end":{"line":7,"column":50}},"6":{"start":{"line":8,"column":0},"end":{"line":8,"column":46}},"7":{"start":{"line":9,"column":0},"end":{"line":9,"column":50}},"8":{"start":{"line":10,"column":0},"end":{"line":10,"column":60}},"9":{"start":{"line":11,"column":0},"end":{"line":11,"column":85}},"10":{"start":{"line":16,"column":0},"end":{"line":16,"column":23}}},"fnMap":{},"branchMap":{},"s":{"0":1,"1":1,"2":1,"3":1,"4":1,"5":1,"6":1,"7":1,"8":1,"9":1,"10":1},"f":{},"b":{},"_coverageSchema":"1a1c01bbd47fc00a2c39e90264f33305004495a9","hash":"176d149cee16357422e7647898a79d3551d9d94b"}
,"/home/ananhartanto/Documents/DelivereeBidRepo/server/utils/messages.js": {"path":"/home/ananhartanto/Documents/DelivereeBidRepo/server/utils/messages.js","statementMap":{"0":{"start":{"line":1,"column":15},"end":{"line":1,"column":32}},"1":{"start":{"line":4,"column":2},"end":{"line":7,"column":4}},"2":{"start":{"line":10,"column":0},"end":{"line":10,"column":31}}},"fnMap":{"0":{"name":"formatMessage","decl":{"start":{"line":3,"column":9},"end":{"line":3,"column":22}},"loc":{"start":{"line":3,"column":39},"end":{"line":8,"column":1}},"line":3}},"branchMap":{},"s":{"0":1,"1":0,"2":1},"f":{"0":0},"b":{},"_coverageSchema":"1a1c01bbd47fc00a2c39e90264f33305004495a9","hash":"203713b5d14fb3d858286a9d02e8aa8def14fe94"}
,"/home/ananhartanto/Documents/DelivereeBidRepo/server/utils/users.js": {"path":"/home/ananhartanto/Documents/DelivereeBidRepo/server/utils/users.js","statementMap":{"0":{"start":{"line":1,"column":14},"end":{"line":1,"column":16}},"1":{"start":{"line":5,"column":15},"end":{"line":5,"column":37}},"2":{"start":{"line":7,"column":2},"end":{"line":7,"column":19}},"3":{"start":{"line":9,"column":2},"end":{"line":9,"column":14}},"4":{"start":{"line":14,"column":2},"end":{"line":14,"column":44}},"5":{"start":{"line":14,"column":28},"end":{"line":14,"column":42}},"6":{"start":{"line":19,"column":16},"end":{"line":19,"column":55}},"7":{"start":{"line":19,"column":40},"end":{"line":19,"column":54}},"8":{"start":{"line":21,"column":2},"end":{"line":23,"column":3}},"9":{"start":{"line":22,"column":4},"end":{"line":22,"column":37}},"10":{"start":{"line":28,"column":2},"end":{"line":28,"column":50}},"11":{"start":{"line":28,"column":30},"end":{"line":28,"column":48}},"12":{"start":{"line":31,"column":0},"end":{"line":36,"column":2}}},"fnMap":{"0":{"name":"userJoin","decl":{"start":{"line":4,"column":9},"end":{"line":4,"column":17}},"loc":{"start":{"line":4,"column":38},"end":{"line":10,"column":1}},"line":4},"1":{"name":"getCurrentUser","decl":{"start":{"line":13,"column":9},"end":{"line":13,"column":23}},"loc":{"start":{"line":13,"column":28},"end":{"line":15,"column":1}},"line":13},"2":{"name":"(anonymous_2)","decl":{"start":{"line":14,"column":20},"end":{"line":14,"column":21}},"loc":{"start":{"line":14,"column":28},"end":{"line":14,"column":42}},"line":14},"3":{"name":"userLeave","decl":{"start":{"line":18,"column":9},"end":{"line":18,"column":18}},"loc":{"start":{"line":18,"column":23},"end":{"line":24,"column":1}},"line":18},"4":{"name":"(anonymous_4)","decl":{"start":{"line":19,"column":32},"end":{"line":19,"column":33}},"loc":{"start":{"line":19,"column":40},"end":{"line":19,"column":54}},"line":19},"5":{"name":"getRoomUsers","decl":{"start":{"line":27,"column":9},"end":{"line":27,"column":21}},"loc":{"start":{"line":27,"column":28},"end":{"line":29,"column":1}},"line":27},"6":{"name":"(anonymous_6)","decl":{"start":{"line":28,"column":22},"end":{"line":28,"column":23}},"loc":{"start":{"line":28,"column":30},"end":{"line":28,"column":48}},"line":28}},"branchMap":{"0":{"loc":{"start":{"line":21,"column":2},"end":{"line":23,"column":3}},"type":"if","locations":[{"start":{"line":21,"column":2},"end":{"line":23,"column":3}},{"start":{"line":21,"column":2},"end":{"line":23,"column":3}}],"line":21}},"s":{"0":1,"1":0,"2":0,"3":0,"4":0,"5":0,"6":0,"7":0,"8":0,"9":0,"10":0,"11":0,"12":1},"f":{"0":0,"1":0,"2":0,"3":0,"4":0,"5":0,"6":0},"b":{"0":[0,0]},"_coverageSchema":"1a1c01bbd47fc00a2c39e90264f33305004495a9","hash":"a153b98ebd97301b080d6e21d0edaba371aed73f"}
}
