{"C:\\Users\\RAMA\\Documents\\Hacktiv8 Assignment\\DelivereeBidRepo\\server\\app.js": {"path":"C:\\Users\\RAMA\\Documents\\Hacktiv8 Assignment\\DelivereeBidRepo\\server\\app.js","statementMap":{"0":{"start":{"line":1,"column":16},"end":{"line":1,"column":34}},"1":{"start":{"line":2,"column":12},"end":{"line":2,"column":21}},"2":{"start":{"line":3,"column":13},"end":{"line":3,"column":37}},"3":{"start":{"line":4,"column":13},"end":{"line":4,"column":28}},"4":{"start":{"line":5,"column":15},"end":{"line":5,"column":34}},"5":{"start":{"line":6,"column":12},"end":{"line":6,"column":47}},"6":{"start":{"line":8,"column":0},"end":{"line":8,"column":15}},"7":{"start":{"line":9,"column":0},"end":{"line":9,"column":45}},"8":{"start":{"line":10,"column":0},"end":{"line":10,"column":23}},"9":{"start":{"line":12,"column":0},"end":{"line":12,"column":15}},"10":{"start":{"line":13,"column":0},"end":{"line":13,"column":12}},"11":{"start":{"line":17,"column":0},"end":{"line":17,"column":20}}},"fnMap":{},"branchMap":{"0":{"loc":{"start":{"line":3,"column":13},"end":{"line":3,"column":37}},"type":"binary-expr","locations":[{"start":{"line":3,"column":13},"end":{"line":3,"column":29}},{"start":{"line":3,"column":33},"end":{"line":3,"column":37}}],"line":3}},"s":{"0":3,"1":3,"2":3,"3":3,"4":3,"5":3,"6":3,"7":3,"8":3,"9":3,"10":3,"11":3},"f":{},"b":{"0":[3,3]},"_coverageSchema":"1a1c01bbd47fc00a2c39e90264f33305004495a9","hash":"d58991b51dcf8cebb245d50cae606aae33c91053"}
,"C:\\Users\\RAMA\\Documents\\Hacktiv8 Assignment\\DelivereeBidRepo\\server\\controllers\\bid.js": {"path":"C:\\Users\\RAMA\\Documents\\Hacktiv8 Assignment\\DelivereeBidRepo\\server\\controllers\\bid.js","statementMap":{"0":{"start":{"line":1,"column":23},"end":{"line":1,"column":43}},"1":{"start":{"line":5,"column":8},"end":{"line":17,"column":34}},"2":{"start":{"line":16,"column":12},"end":{"line":16,"column":37}},"3":{"start":{"line":17,"column":24},"end":{"line":17,"column":33}},"4":{"start":{"line":20,"column":21},"end":{"line":20,"column":31}},"5":{"start":{"line":21,"column":8},"end":{"line":36,"column":34}},"6":{"start":{"line":32,"column":12},"end":{"line":35,"column":13}},"7":{"start":{"line":32,"column":21},"end":{"line":32,"column":60}},"8":{"start":{"line":34,"column":16},"end":{"line":34,"column":41}},"9":{"start":{"line":36,"column":24},"end":{"line":36,"column":33}},"10":{"start":{"line":39,"column":60},"end":{"line":39,"column":68}},"11":{"start":{"line":40,"column":8},"end":{"line":40,"column":33}},"12":{"start":{"line":41,"column":8},"end":{"line":48,"column":10}},"13":{"start":{"line":43,"column":12},"end":{"line":43,"column":37}},"14":{"start":{"line":46,"column":12},"end":{"line":46,"column":29}},"15":{"start":{"line":47,"column":12},"end":{"line":47,"column":21}},"16":{"start":{"line":51,"column":21},"end":{"line":51,"column":31}},"17":{"start":{"line":52,"column":60},"end":{"line":52,"column":68}},"18":{"start":{"line":53,"column":8},"end":{"line":61,"column":10}},"19":{"start":{"line":58,"column":12},"end":{"line":58,"column":61}},"20":{"start":{"line":60,"column":12},"end":{"line":60,"column":21}},"21":{"start":{"line":65,"column":21},"end":{"line":65,"column":31}},"22":{"start":{"line":66,"column":8},"end":{"line":72,"column":34}},"23":{"start":{"line":71,"column":12},"end":{"line":71,"column":61}},"24":{"start":{"line":72,"column":24},"end":{"line":72,"column":33}},"25":{"start":{"line":76,"column":0},"end":{"line":76,"column":30}}},"fnMap":{"0":{"name":"(anonymous_0)","decl":{"start":{"line":4,"column":4},"end":{"line":4,"column":5}},"loc":{"start":{"line":4,"column":34},"end":{"line":18,"column":5}},"line":4},"1":{"name":"(anonymous_1)","decl":{"start":{"line":15,"column":16},"end":{"line":15,"column":17}},"loc":{"start":{"line":15,"column":23},"end":{"line":17,"column":9}},"line":15},"2":{"name":"(anonymous_2)","decl":{"start":{"line":17,"column":17},"end":{"line":17,"column":18}},"loc":{"start":{"line":17,"column":24},"end":{"line":17,"column":33}},"line":17},"3":{"name":"(anonymous_3)","decl":{"start":{"line":19,"column":4},"end":{"line":19,"column":5}},"loc":{"start":{"line":19,"column":34},"end":{"line":37,"column":5}},"line":19},"4":{"name":"(anonymous_4)","decl":{"start":{"line":31,"column":16},"end":{"line":31,"column":17}},"loc":{"start":{"line":31,"column":23},"end":{"line":36,"column":9}},"line":31},"5":{"name":"(anonymous_5)","decl":{"start":{"line":36,"column":17},"end":{"line":36,"column":18}},"loc":{"start":{"line":36,"column":24},"end":{"line":36,"column":33}},"line":36},"6":{"name":"(anonymous_6)","decl":{"start":{"line":38,"column":4},"end":{"line":38,"column":5}},"loc":{"start":{"line":38,"column":36},"end":{"line":49,"column":5}},"line":38},"7":{"name":"(anonymous_7)","decl":{"start":{"line":42,"column":14},"end":{"line":42,"column":15}},"loc":{"start":{"line":42,"column":21},"end":{"line":44,"column":9}},"line":42},"8":{"name":"(anonymous_8)","decl":{"start":{"line":45,"column":15},"end":{"line":45,"column":16}},"loc":{"start":{"line":45,"column":22},"end":{"line":48,"column":9}},"line":45},"9":{"name":"(anonymous_9)","decl":{"start":{"line":50,"column":4},"end":{"line":50,"column":5}},"loc":{"start":{"line":50,"column":36},"end":{"line":62,"column":5}},"line":50},"10":{"name":"(anonymous_10)","decl":{"start":{"line":57,"column":16},"end":{"line":57,"column":17}},"loc":{"start":{"line":57,"column":23},"end":{"line":59,"column":9}},"line":57},"11":{"name":"(anonymous_11)","decl":{"start":{"line":59,"column":17},"end":{"line":59,"column":18}},"loc":{"start":{"line":59,"column":24},"end":{"line":61,"column":9}},"line":59},"12":{"name":"(anonymous_12)","decl":{"start":{"line":64,"column":4},"end":{"line":64,"column":5}},"loc":{"start":{"line":64,"column":35},"end":{"line":73,"column":5}},"line":64},"13":{"name":"(anonymous_13)","decl":{"start":{"line":70,"column":16},"end":{"line":70,"column":17}},"loc":{"start":{"line":70,"column":23},"end":{"line":72,"column":9}},"line":70},"14":{"name":"(anonymous_14)","decl":{"start":{"line":72,"column":17},"end":{"line":72,"column":18}},"loc":{"start":{"line":72,"column":24},"end":{"line":72,"column":33}},"line":72}},"branchMap":{"0":{"loc":{"start":{"line":32,"column":12},"end":{"line":35,"column":13}},"type":"if","locations":[{"start":{"line":32,"column":12},"end":{"line":35,"column":13}},{"start":{"line":32,"column":12},"end":{"line":35,"column":13}}],"line":32}},"s":{"0":3,"1":1,"2":1,"3":0,"4":2,"5":2,"6":2,"7":1,"8":1,"9":1,"10":6,"11":6,"12":6,"13":1,"14":5,"15":5,"16":1,"17":1,"18":1,"19":1,"20":0,"21":1,"22":1,"23":1,"24":0,"25":3},"f":{"0":1,"1":1,"2":0,"3":2,"4":2,"5":1,"6":6,"7":1,"8":5,"9":1,"10":1,"11":0,"12":1,"13":1,"14":0},"b":{"0":[1,1]},"_coverageSchema":"1a1c01bbd47fc00a2c39e90264f33305004495a9","hash":"12e1a5c1cd7640ce6ce9034ba729cb3dfe475130"}
,"C:\\Users\\RAMA\\Documents\\Hacktiv8 Assignment\\DelivereeBidRepo\\server\\controllers\\shipper.js": {"path":"C:\\Users\\RAMA\\Documents\\Hacktiv8 Assignment\\DelivereeBidRepo\\server\\controllers\\shipper.js","statementMap":{"0":{"start":{"line":1,"column":18},"end":{"line":1,"column":38}},"1":{"start":{"line":2,"column":26},"end":{"line":2,"column":53}},"2":{"start":{"line":3,"column":24},"end":{"line":3,"column":48}},"3":{"start":{"line":7,"column":8},"end":{"line":15,"column":32}},"4":{"start":{"line":13,"column":12},"end":{"line":13,"column":41}},"5":{"start":{"line":15,"column":22},"end":{"line":15,"column":31}},"6":{"start":{"line":18,"column":48},"end":{"line":18,"column":56}},"7":{"start":{"line":19,"column":8},"end":{"line":28,"column":10}},"8":{"start":{"line":23,"column":12},"end":{"line":23,"column":122}},"9":{"start":{"line":26,"column":12},"end":{"line":26,"column":40}},"10":{"start":{"line":27,"column":12},"end":{"line":27,"column":21}},"11":{"start":{"line":32,"column":34},"end":{"line":32,"column":42}},"12":{"start":{"line":33,"column":8},"end":{"line":33,"column":83}},"13":{"start":{"line":33,"column":32},"end":{"line":33,"column":83}},"14":{"start":{"line":34,"column":8},"end":{"line":51,"column":10}},"15":{"start":{"line":38,"column":12},"end":{"line":38,"column":76}},"16":{"start":{"line":38,"column":25},"end":{"line":38,"column":76}},"17":{"start":{"line":39,"column":12},"end":{"line":47,"column":13}},"18":{"start":{"line":39,"column":61},"end":{"line":39,"column":112}},"19":{"start":{"line":41,"column":37},"end":{"line":44,"column":18}},"20":{"start":{"line":46,"column":16},"end":{"line":46,"column":132}},"21":{"start":{"line":50,"column":12},"end":{"line":50,"column":21}},"22":{"start":{"line":55,"column":0},"end":{"line":55,"column":34}}},"fnMap":{"0":{"name":"(anonymous_0)","decl":{"start":{"line":6,"column":4},"end":{"line":6,"column":5}},"loc":{"start":{"line":6,"column":34},"end":{"line":16,"column":5}},"line":6},"1":{"name":"(anonymous_1)","decl":{"start":{"line":12,"column":14},"end":{"line":12,"column":15}},"loc":{"start":{"line":12,"column":25},"end":{"line":14,"column":9}},"line":12},"2":{"name":"(anonymous_2)","decl":{"start":{"line":15,"column":15},"end":{"line":15,"column":16}},"loc":{"start":{"line":15,"column":22},"end":{"line":15,"column":31}},"line":15},"3":{"name":"(anonymous_3)","decl":{"start":{"line":17,"column":4},"end":{"line":17,"column":5}},"loc":{"start":{"line":17,"column":35},"end":{"line":29,"column":5}},"line":17},"4":{"name":"(anonymous_4)","decl":{"start":{"line":22,"column":14},"end":{"line":22,"column":15}},"loc":{"start":{"line":22,"column":27},"end":{"line":24,"column":9}},"line":22},"5":{"name":"(anonymous_5)","decl":{"start":{"line":25,"column":15},"end":{"line":25,"column":16}},"loc":{"start":{"line":25,"column":22},"end":{"line":28,"column":9}},"line":25},"6":{"name":"(anonymous_6)","decl":{"start":{"line":31,"column":4},"end":{"line":31,"column":5}},"loc":{"start":{"line":31,"column":32},"end":{"line":52,"column":5}},"line":31},"7":{"name":"(anonymous_7)","decl":{"start":{"line":37,"column":14},"end":{"line":37,"column":15}},"loc":{"start":{"line":37,"column":27},"end":{"line":48,"column":9}},"line":37},"8":{"name":"(anonymous_8)","decl":{"start":{"line":49,"column":15},"end":{"line":49,"column":16}},"loc":{"start":{"line":49,"column":22},"end":{"line":51,"column":9}},"line":49}},"branchMap":{"0":{"loc":{"start":{"line":33,"column":8},"end":{"line":33,"column":83}},"type":"if","locations":[{"start":{"line":33,"column":8},"end":{"line":33,"column":83}},{"start":{"line":33,"column":8},"end":{"line":33,"column":83}}],"line":33},"1":{"loc":{"start":{"line":33,"column":11},"end":{"line":33,"column":30}},"type":"binary-expr","locations":[{"start":{"line":33,"column":11},"end":{"line":33,"column":17}},{"start":{"line":33,"column":21},"end":{"line":33,"column":30}}],"line":33},"2":{"loc":{"start":{"line":38,"column":12},"end":{"line":38,"column":76}},"type":"if","locations":[{"start":{"line":38,"column":12},"end":{"line":38,"column":76}},{"start":{"line":38,"column":12},"end":{"line":38,"column":76}}],"line":38},"3":{"loc":{"start":{"line":39,"column":12},"end":{"line":47,"column":13}},"type":"if","locations":[{"start":{"line":39,"column":12},"end":{"line":47,"column":13}},{"start":{"line":39,"column":12},"end":{"line":47,"column":13}}],"line":39}},"s":{"0":3,"1":3,"2":3,"3":0,"4":0,"5":0,"6":9,"7":9,"8":1,"9":9,"10":9,"11":2,"12":2,"13":0,"14":2,"15":2,"16":1,"17":1,"18":0,"19":1,"20":1,"21":1,"22":3},"f":{"0":0,"1":0,"2":0,"3":9,"4":1,"5":9,"6":2,"7":2,"8":1},"b":{"0":[0,2],"1":[2,2],"2":[1,1],"3":[0,1]},"_coverageSchema":"1a1c01bbd47fc00a2c39e90264f33305004495a9","hash":"ec830914fc31280c7bf41a133250dfafa49545a4"}
,"C:\\Users\\RAMA\\Documents\\Hacktiv8 Assignment\\DelivereeBidRepo\\server\\controllers\\transporter.js": {"path":"C:\\Users\\RAMA\\Documents\\Hacktiv8 Assignment\\DelivereeBidRepo\\server\\controllers\\transporter.js","statementMap":{"0":{"start":{"line":1,"column":22},"end":{"line":1,"column":42}},"1":{"start":{"line":2,"column":26},"end":{"line":2,"column":53}},"2":{"start":{"line":3,"column":24},"end":{"line":3,"column":48}},"3":{"start":{"line":7,"column":8},"end":{"line":15,"column":32}},"4":{"start":{"line":13,"column":12},"end":{"line":13,"column":45}},"5":{"start":{"line":15,"column":22},"end":{"line":15,"column":31}},"6":{"start":{"line":18,"column":50},"end":{"line":18,"column":58}},"7":{"start":{"line":19,"column":8},"end":{"line":27,"column":10}},"8":{"start":{"line":23,"column":12},"end":{"line":23,"column":112}},"9":{"start":{"line":26,"column":12},"end":{"line":26,"column":21}},"10":{"start":{"line":30,"column":34},"end":{"line":30,"column":42}},"11":{"start":{"line":31,"column":8},"end":{"line":31,"column":83}},"12":{"start":{"line":31,"column":32},"end":{"line":31,"column":83}},"13":{"start":{"line":32,"column":8},"end":{"line":49,"column":10}},"14":{"start":{"line":36,"column":12},"end":{"line":36,"column":80}},"15":{"start":{"line":36,"column":29},"end":{"line":36,"column":80}},"16":{"start":{"line":37,"column":12},"end":{"line":45,"column":13}},"17":{"start":{"line":37,"column":65},"end":{"line":37,"column":116}},"18":{"start":{"line":39,"column":37},"end":{"line":42,"column":18}},"19":{"start":{"line":44,"column":16},"end":{"line":44,"column":144}},"20":{"start":{"line":48,"column":12},"end":{"line":48,"column":21}},"21":{"start":{"line":53,"column":0},"end":{"line":53,"column":38}}},"fnMap":{"0":{"name":"(anonymous_0)","decl":{"start":{"line":6,"column":4},"end":{"line":6,"column":5}},"loc":{"start":{"line":6,"column":34},"end":{"line":16,"column":5}},"line":6},"1":{"name":"(anonymous_1)","decl":{"start":{"line":12,"column":14},"end":{"line":12,"column":15}},"loc":{"start":{"line":12,"column":29},"end":{"line":14,"column":9}},"line":12},"2":{"name":"(anonymous_2)","decl":{"start":{"line":15,"column":15},"end":{"line":15,"column":16}},"loc":{"start":{"line":15,"column":22},"end":{"line":15,"column":31}},"line":15},"3":{"name":"(anonymous_3)","decl":{"start":{"line":17,"column":4},"end":{"line":17,"column":5}},"loc":{"start":{"line":17,"column":35},"end":{"line":28,"column":5}},"line":17},"4":{"name":"(anonymous_4)","decl":{"start":{"line":22,"column":14},"end":{"line":22,"column":15}},"loc":{"start":{"line":22,"column":31},"end":{"line":24,"column":9}},"line":22},"5":{"name":"(anonymous_5)","decl":{"start":{"line":25,"column":15},"end":{"line":25,"column":16}},"loc":{"start":{"line":25,"column":22},"end":{"line":27,"column":9}},"line":25},"6":{"name":"(anonymous_6)","decl":{"start":{"line":29,"column":4},"end":{"line":29,"column":5}},"loc":{"start":{"line":29,"column":32},"end":{"line":50,"column":5}},"line":29},"7":{"name":"(anonymous_7)","decl":{"start":{"line":35,"column":14},"end":{"line":35,"column":15}},"loc":{"start":{"line":35,"column":31},"end":{"line":46,"column":9}},"line":35},"8":{"name":"(anonymous_8)","decl":{"start":{"line":47,"column":15},"end":{"line":47,"column":16}},"loc":{"start":{"line":47,"column":22},"end":{"line":49,"column":9}},"line":47}},"branchMap":{"0":{"loc":{"start":{"line":31,"column":8},"end":{"line":31,"column":83}},"type":"if","locations":[{"start":{"line":31,"column":8},"end":{"line":31,"column":83}},{"start":{"line":31,"column":8},"end":{"line":31,"column":83}}],"line":31},"1":{"loc":{"start":{"line":31,"column":11},"end":{"line":31,"column":30}},"type":"binary-expr","locations":[{"start":{"line":31,"column":11},"end":{"line":31,"column":17}},{"start":{"line":31,"column":21},"end":{"line":31,"column":30}}],"line":31},"2":{"loc":{"start":{"line":36,"column":12},"end":{"line":36,"column":80}},"type":"if","locations":[{"start":{"line":36,"column":12},"end":{"line":36,"column":80}},{"start":{"line":36,"column":12},"end":{"line":36,"column":80}}],"line":36},"3":{"loc":{"start":{"line":37,"column":12},"end":{"line":45,"column":13}},"type":"if","locations":[{"start":{"line":37,"column":12},"end":{"line":45,"column":13}},{"start":{"line":37,"column":12},"end":{"line":45,"column":13}}],"line":37}},"s":{"0":3,"1":3,"2":3,"3":0,"4":0,"5":0,"6":9,"7":9,"8":1,"9":8,"10":3,"11":3,"12":1,"13":2,"14":2,"15":1,"16":1,"17":0,"18":1,"19":1,"20":1,"21":3},"f":{"0":0,"1":0,"2":0,"3":9,"4":1,"5":8,"6":3,"7":2,"8":1},"b":{"0":[1,2],"1":[3,2],"2":[1,1],"3":[0,1]},"_coverageSchema":"1a1c01bbd47fc00a2c39e90264f33305004495a9","hash":"da224c14e177bb758678a02ecbea1bc33b54ab86"}
,"C:\\Users\\RAMA\\Documents\\Hacktiv8 Assignment\\DelivereeBidRepo\\server\\helper\\bcrypt.js": {"path":"C:\\Users\\RAMA\\Documents\\Hacktiv8 Assignment\\DelivereeBidRepo\\server\\helper\\bcrypt.js","statementMap":{"0":{"start":{"line":1,"column":15},"end":{"line":1,"column":34}},"1":{"start":{"line":3,"column":21},"end":{"line":6,"column":1}},"2":{"start":{"line":4,"column":15},"end":{"line":4,"column":37}},"3":{"start":{"line":5,"column":2},"end":{"line":5,"column":40}},"4":{"start":{"line":8,"column":24},"end":{"line":10,"column":1}},"5":{"start":{"line":9,"column":2},"end":{"line":9,"column":53}},"6":{"start":{"line":12,"column":0},"end":{"line":12,"column":50}}},"fnMap":{"0":{"name":"(anonymous_0)","decl":{"start":{"line":3,"column":21},"end":{"line":3,"column":22}},"loc":{"start":{"line":3,"column":35},"end":{"line":6,"column":1}},"line":3},"1":{"name":"(anonymous_1)","decl":{"start":{"line":8,"column":24},"end":{"line":8,"column":25}},"loc":{"start":{"line":8,"column":54},"end":{"line":10,"column":1}},"line":8}},"branchMap":{},"s":{"0":3,"1":3,"2":7,"3":7,"4":3,"5":2,"6":3},"f":{"0":7,"1":2},"b":{},"_coverageSchema":"1a1c01bbd47fc00a2c39e90264f33305004495a9","hash":"0fc875982183117664e7694f6589182ee076d157"}
,"C:\\Users\\RAMA\\Documents\\Hacktiv8 Assignment\\DelivereeBidRepo\\server\\helper\\jwt.js": {"path":"C:\\Users\\RAMA\\Documents\\Hacktiv8 Assignment\\DelivereeBidRepo\\server\\helper\\jwt.js","statementMap":{"0":{"start":{"line":1,"column":12},"end":{"line":1,"column":35}},"1":{"start":{"line":3,"column":22},"end":{"line":5,"column":1}},"2":{"start":{"line":4,"column":2},"end":{"line":4,"column":36}},"3":{"start":{"line":7,"column":20},"end":{"line":9,"column":1}},"4":{"start":{"line":8,"column":2},"end":{"line":8,"column":36}},"5":{"start":{"line":11,"column":0},"end":{"line":11,"column":47}}},"fnMap":{"0":{"name":"(anonymous_0)","decl":{"start":{"line":3,"column":22},"end":{"line":3,"column":23}},"loc":{"start":{"line":3,"column":35},"end":{"line":5,"column":1}},"line":3},"1":{"name":"(anonymous_1)","decl":{"start":{"line":7,"column":20},"end":{"line":7,"column":21}},"loc":{"start":{"line":7,"column":31},"end":{"line":9,"column":1}},"line":7}},"branchMap":{},"s":{"0":3,"1":3,"2":3,"3":3,"4":15,"5":3},"f":{"0":3,"1":15},"b":{},"_coverageSchema":"1a1c01bbd47fc00a2c39e90264f33305004495a9","hash":"4299aec3fd5c018cb91120ed016895c4cb7dc34d"}
,"C:\\Users\\RAMA\\Documents\\Hacktiv8 Assignment\\DelivereeBidRepo\\server\\middlewares\\auth.js": {"path":"C:\\Users\\RAMA\\Documents\\Hacktiv8 Assignment\\DelivereeBidRepo\\server\\middlewares\\auth.js","statementMap":{"0":{"start":{"line":1,"column":21},"end":{"line":1,"column":45}},"1":{"start":{"line":2,"column":45},"end":{"line":2,"column":65}},"2":{"start":{"line":24,"column":27},"end":{"line":24,"column":38}},"3":{"start":{"line":25,"column":4},"end":{"line":40,"column":5}},"4":{"start":{"line":26,"column":8},"end":{"line":37,"column":9}},"5":{"start":{"line":26,"column":26},"end":{"line":26,"column":73}},"6":{"start":{"line":28,"column":26},"end":{"line":28,"column":51}},"7":{"start":{"line":29,"column":26},"end":{"line":31,"column":14}},"8":{"start":{"line":32,"column":12},"end":{"line":36,"column":13}},"9":{"start":{"line":32,"column":25},"end":{"line":32,"column":72}},"10":{"start":{"line":34,"column":16},"end":{"line":34,"column":38}},"11":{"start":{"line":35,"column":16},"end":{"line":35,"column":22}},"12":{"start":{"line":39,"column":8},"end":{"line":39,"column":17}},"13":{"start":{"line":43,"column":4},"end":{"line":51,"column":5}},"14":{"start":{"line":44,"column":22},"end":{"line":44,"column":59}},"15":{"start":{"line":45,"column":8},"end":{"line":45,"column":64}},"16":{"start":{"line":45,"column":21},"end":{"line":45,"column":64}},"17":{"start":{"line":46,"column":8},"end":{"line":48,"column":55}},"18":{"start":{"line":47,"column":12},"end":{"line":47,"column":18}},"19":{"start":{"line":48,"column":15},"end":{"line":48,"column":55}},"20":{"start":{"line":50,"column":8},"end":{"line":50,"column":17}},"21":{"start":{"line":54,"column":4},"end":{"line":62,"column":5}},"22":{"start":{"line":55,"column":18},"end":{"line":55,"column":51}},"23":{"start":{"line":56,"column":8},"end":{"line":56,"column":56}},"24":{"start":{"line":56,"column":17},"end":{"line":56,"column":56}},"25":{"start":{"line":57,"column":8},"end":{"line":59,"column":55}},"26":{"start":{"line":58,"column":12},"end":{"line":58,"column":18}},"27":{"start":{"line":59,"column":15},"end":{"line":59,"column":55}},"28":{"start":{"line":61,"column":8},"end":{"line":61,"column":17}},"29":{"start":{"line":64,"column":0},"end":{"line":64,"column":80}}},"fnMap":{"0":{"name":"authenticationShipper","decl":{"start":{"line":23,"column":15},"end":{"line":23,"column":36}},"loc":{"start":{"line":23,"column":52},"end":{"line":41,"column":1}},"line":23},"1":{"name":"authorizationService","decl":{"start":{"line":42,"column":15},"end":{"line":42,"column":35}},"loc":{"start":{"line":42,"column":51},"end":{"line":52,"column":1}},"line":42},"2":{"name":"authorizationBid","decl":{"start":{"line":53,"column":15},"end":{"line":53,"column":31}},"loc":{"start":{"line":53,"column":47},"end":{"line":63,"column":1}},"line":53}},"branchMap":{"0":{"loc":{"start":{"line":26,"column":8},"end":{"line":37,"column":9}},"type":"if","locations":[{"start":{"line":26,"column":8},"end":{"line":37,"column":9}},{"start":{"line":26,"column":8},"end":{"line":37,"column":9}}],"line":26},"1":{"loc":{"start":{"line":32,"column":12},"end":{"line":36,"column":13}},"type":"if","locations":[{"start":{"line":32,"column":12},"end":{"line":36,"column":13}},{"start":{"line":32,"column":12},"end":{"line":36,"column":13}}],"line":32},"2":{"loc":{"start":{"line":45,"column":8},"end":{"line":45,"column":64}},"type":"if","locations":[{"start":{"line":45,"column":8},"end":{"line":45,"column":64}},{"start":{"line":45,"column":8},"end":{"line":45,"column":64}}],"line":45},"3":{"loc":{"start":{"line":46,"column":8},"end":{"line":48,"column":55}},"type":"if","locations":[{"start":{"line":46,"column":8},"end":{"line":48,"column":55}},{"start":{"line":46,"column":8},"end":{"line":48,"column":55}}],"line":46},"4":{"loc":{"start":{"line":56,"column":8},"end":{"line":56,"column":56}},"type":"if","locations":[{"start":{"line":56,"column":8},"end":{"line":56,"column":56}},{"start":{"line":56,"column":8},"end":{"line":56,"column":56}}],"line":56},"5":{"loc":{"start":{"line":57,"column":8},"end":{"line":59,"column":55}},"type":"if","locations":[{"start":{"line":57,"column":8},"end":{"line":59,"column":55}},{"start":{"line":57,"column":8},"end":{"line":59,"column":55}}],"line":57}},"s":{"0":3,"1":3,"2":18,"3":18,"4":18,"5":4,"6":14,"7":13,"8":13,"9":0,"10":13,"11":13,"12":5,"13":0,"14":0,"15":0,"16":0,"17":0,"18":0,"19":0,"20":0,"21":4,"22":4,"23":4,"24":2,"25":2,"26":2,"27":0,"28":2,"29":3},"f":{"0":18,"1":0,"2":4},"b":{"0":[4,14],"1":[0,13],"2":[0,0],"3":[0,0],"4":[2,2],"5":[2,0]},"_coverageSchema":"1a1c01bbd47fc00a2c39e90264f33305004495a9","hash":"4cb1eef606a05d7fbd691f5538aa30c246b3ff58"}
,"C:\\Users\\RAMA\\Documents\\Hacktiv8 Assignment\\DelivereeBidRepo\\server\\middlewares\\errHandler.js": {"path":"C:\\Users\\RAMA\\Documents\\Hacktiv8 Assignment\\DelivereeBidRepo\\server\\middlewares\\errHandler.js","statementMap":{"0":{"start":{"line":2,"column":15},"end":{"line":2,"column":30}},"1":{"start":{"line":3,"column":14},"end":{"line":3,"column":48}},"2":{"start":{"line":4,"column":17},"end":{"line":4,"column":19}},"3":{"start":{"line":6,"column":4},"end":{"line":29,"column":5}},"4":{"start":{"line":8,"column":12},"end":{"line":12,"column":14}},"5":{"start":{"line":9,"column":16},"end":{"line":11,"column":17}},"6":{"start":{"line":10,"column":20},"end":{"line":10,"column":43}},"7":{"start":{"line":13,"column":12},"end":{"line":13,"column":22}},"8":{"start":{"line":14,"column":12},"end":{"line":14,"column":46}},"9":{"start":{"line":15,"column":12},"end":{"line":15,"column":35}},"10":{"start":{"line":16,"column":12},"end":{"line":16,"column":18}},"11":{"start":{"line":18,"column":12},"end":{"line":18,"column":22}},"12":{"start":{"line":19,"column":12},"end":{"line":19,"column":47}},"13":{"start":{"line":20,"column":12},"end":{"line":20,"column":18}},"14":{"start":{"line":22,"column":12},"end":{"line":22,"column":23}},"15":{"start":{"line":23,"column":12},"end":{"line":23,"column":44}},"16":{"start":{"line":24,"column":12},"end":{"line":24,"column":18}},"17":{"start":{"line":26,"column":12},"end":{"line":26,"column":32}},"18":{"start":{"line":27,"column":12},"end":{"line":27,"column":27}},"19":{"start":{"line":28,"column":12},"end":{"line":28,"column":18}},"20":{"start":{"line":30,"column":4},"end":{"line":30,"column":33}},"21":{"start":{"line":33,"column":0},"end":{"line":33,"column":27}}},"fnMap":{"0":{"name":"errHandler","decl":{"start":{"line":1,"column":9},"end":{"line":1,"column":19}},"loc":{"start":{"line":1,"column":40},"end":{"line":31,"column":1}},"line":1},"1":{"name":"(anonymous_1)","decl":{"start":{"line":8,"column":31},"end":{"line":8,"column":32}},"loc":{"start":{"line":8,"column":37},"end":{"line":12,"column":13}},"line":8}},"branchMap":{"0":{"loc":{"start":{"line":2,"column":15},"end":{"line":2,"column":30}},"type":"binary-expr","locations":[{"start":{"line":2,"column":15},"end":{"line":2,"column":23}},{"start":{"line":2,"column":27},"end":{"line":2,"column":30}}],"line":2},"1":{"loc":{"start":{"line":3,"column":14},"end":{"line":3,"column":48}},"type":"binary-expr","locations":[{"start":{"line":3,"column":14},"end":{"line":3,"column":21}},{"start":{"line":3,"column":25},"end":{"line":3,"column":48}}],"line":3},"2":{"loc":{"start":{"line":6,"column":4},"end":{"line":29,"column":5}},"type":"switch","locations":[{"start":{"line":7,"column":8},"end":{"line":16,"column":18}},{"start":{"line":17,"column":8},"end":{"line":20,"column":18}},{"start":{"line":21,"column":8},"end":{"line":24,"column":18}},{"start":{"line":25,"column":8},"end":{"line":28,"column":18}}],"line":6},"3":{"loc":{"start":{"line":9,"column":16},"end":{"line":11,"column":17}},"type":"if","locations":[{"start":{"line":9,"column":16},"end":{"line":11,"column":17}},{"start":{"line":9,"column":16},"end":{"line":11,"column":17}}],"line":9}},"s":{"0":33,"1":33,"2":33,"3":33,"4":19,"5":22,"6":22,"7":19,"8":19,"9":19,"10":19,"11":2,"12":2,"13":2,"14":0,"15":0,"16":0,"17":12,"18":12,"19":12,"20":33,"21":3},"f":{"0":33,"1":22},"b":{"0":[33,23],"1":[33,23],"2":[19,2,0,12],"3":[22,0]},"_coverageSchema":"1a1c01bbd47fc00a2c39e90264f33305004495a9","hash":"821f1418550226e42058f5c2f36753e2598d7a23"}
,"C:\\Users\\RAMA\\Documents\\Hacktiv8 Assignment\\DelivereeBidRepo\\server\\middlewares\\upload.js": {"path":"C:\\Users\\RAMA\\Documents\\Hacktiv8 Assignment\\DelivereeBidRepo\\server\\middlewares\\upload.js","statementMap":{"0":{"start":{"line":1,"column":15},"end":{"line":1,"column":32}},"1":{"start":{"line":3,"column":16},"end":{"line":11,"column":4}},"2":{"start":{"line":9,"column":6},"end":{"line":9,"column":49}},"3":{"start":{"line":13,"column":15},"end":{"line":18,"column":2}},"4":{"start":{"line":20,"column":0},"end":{"line":20,"column":23}}},"fnMap":{"0":{"name":"(anonymous_0)","decl":{"start":{"line":8,"column":12},"end":{"line":8,"column":13}},"loc":{"start":{"line":8,"column":27},"end":{"line":10,"column":5}},"line":8}},"branchMap":{},"s":{"0":3,"1":3,"2":0,"3":3,"4":3},"f":{"0":0},"b":{},"_coverageSchema":"1a1c01bbd47fc00a2c39e90264f33305004495a9","hash":"7f08356fc9c87b3aca45910e0a0773a8f3b48628"}
,"C:\\Users\\RAMA\\Documents\\Hacktiv8 Assignment\\DelivereeBidRepo\\server\\models\\bid.js": {"path":"C:\\Users\\RAMA\\Documents\\Hacktiv8 Assignment\\DelivereeBidRepo\\server\\models\\bid.js","statementMap":{"0":{"start":{"line":4,"column":4},"end":{"line":4,"column":24}},"1":{"start":{"line":5,"column":0},"end":{"line":61,"column":2}},"2":{"start":{"line":14,"column":6},"end":{"line":14,"column":35}},"3":{"start":{"line":17,"column":2},"end":{"line":59,"column":5}},"4":{"start":{"line":60,"column":2},"end":{"line":60,"column":13}}},"fnMap":{"0":{"name":"(anonymous_0)","decl":{"start":{"line":5,"column":17},"end":{"line":5,"column":18}},"loc":{"start":{"line":5,"column":43},"end":{"line":61,"column":1}},"line":5},"1":{"name":"(anonymous_1)","decl":{"start":{"line":12,"column":4},"end":{"line":12,"column":5}},"loc":{"start":{"line":12,"column":29},"end":{"line":15,"column":5}},"line":12}},"branchMap":{},"s":{"0":3,"1":3,"2":3,"3":3,"4":3},"f":{"0":3,"1":3},"b":{},"_coverageSchema":"1a1c01bbd47fc00a2c39e90264f33305004495a9","hash":"b0cee0060cbb20724a43ef0c7191c8651079a15d"}
,"C:\\Users\\RAMA\\Documents\\Hacktiv8 Assignment\\DelivereeBidRepo\\server\\models\\index.js": {"path":"C:\\Users\\RAMA\\Documents\\Hacktiv8 Assignment\\DelivereeBidRepo\\server\\models\\index.js","statementMap":{"0":{"start":{"line":3,"column":11},"end":{"line":3,"column":24}},"1":{"start":{"line":4,"column":13},"end":{"line":4,"column":28}},"2":{"start":{"line":5,"column":18},"end":{"line":5,"column":38}},"3":{"start":{"line":6,"column":17},"end":{"line":6,"column":42}},"4":{"start":{"line":7,"column":12},"end":{"line":7,"column":49}},"5":{"start":{"line":8,"column":15},"end":{"line":8,"column":65}},"6":{"start":{"line":9,"column":11},"end":{"line":9,"column":13}},"7":{"start":{"line":12,"column":0},"end":{"line":16,"column":1}},"8":{"start":{"line":13,"column":2},"end":{"line":13,"column":74}},"9":{"start":{"line":15,"column":2},"end":{"line":15,"column":87}},"10":{"start":{"line":18,"column":0},"end":{"line":26,"column":5}},"11":{"start":{"line":21,"column":4},"end":{"line":21,"column":90}},"12":{"start":{"line":24,"column":18},"end":{"line":24,"column":85}},"13":{"start":{"line":25,"column":4},"end":{"line":25,"column":27}},"14":{"start":{"line":28,"column":0},"end":{"line":32,"column":3}},"15":{"start":{"line":29,"column":2},"end":{"line":31,"column":3}},"16":{"start":{"line":30,"column":4},"end":{"line":30,"column":32}},"17":{"start":{"line":34,"column":0},"end":{"line":34,"column":25}},"18":{"start":{"line":35,"column":0},"end":{"line":35,"column":25}},"19":{"start":{"line":37,"column":0},"end":{"line":37,"column":20}}},"fnMap":{"0":{"name":"(anonymous_0)","decl":{"start":{"line":20,"column":10},"end":{"line":20,"column":11}},"loc":{"start":{"line":20,"column":18},"end":{"line":22,"column":3}},"line":20},"1":{"name":"(anonymous_1)","decl":{"start":{"line":23,"column":11},"end":{"line":23,"column":12}},"loc":{"start":{"line":23,"column":19},"end":{"line":26,"column":3}},"line":23},"2":{"name":"(anonymous_2)","decl":{"start":{"line":28,"column":24},"end":{"line":28,"column":25}},"loc":{"start":{"line":28,"column":37},"end":{"line":32,"column":1}},"line":28}},"branchMap":{"0":{"loc":{"start":{"line":7,"column":12},"end":{"line":7,"column":49}},"type":"binary-expr","locations":[{"start":{"line":7,"column":12},"end":{"line":7,"column":32}},{"start":{"line":7,"column":36},"end":{"line":7,"column":49}}],"line":7},"1":{"loc":{"start":{"line":12,"column":0},"end":{"line":16,"column":1}},"type":"if","locations":[{"start":{"line":12,"column":0},"end":{"line":16,"column":1}},{"start":{"line":12,"column":0},"end":{"line":16,"column":1}}],"line":12},"2":{"loc":{"start":{"line":21,"column":11},"end":{"line":21,"column":89}},"type":"binary-expr","locations":[{"start":{"line":21,"column":12},"end":{"line":21,"column":35}},{"start":{"line":21,"column":41},"end":{"line":21,"column":58}},{"start":{"line":21,"column":64},"end":{"line":21,"column":88}}],"line":21},"3":{"loc":{"start":{"line":29,"column":2},"end":{"line":31,"column":3}},"type":"if","locations":[{"start":{"line":29,"column":2},"end":{"line":31,"column":3}},{"start":{"line":29,"column":2},"end":{"line":31,"column":3}}],"line":29}},"s":{"0":3,"1":3,"2":3,"3":3,"4":3,"5":3,"6":3,"7":3,"8":0,"9":3,"10":3,"11":15,"12":9,"13":9,"14":3,"15":9,"16":9,"17":3,"18":3,"19":3},"f":{"0":15,"1":9,"2":9},"b":{"0":[3,0],"1":[0,3],"2":[15,15,12],"3":[9,0]},"_coverageSchema":"1a1c01bbd47fc00a2c39e90264f33305004495a9","hash":"075c557413535a0393cbf9dfa70c044a85cde1ee"}
,"C:\\Users\\RAMA\\Documents\\Hacktiv8 Assignment\\DelivereeBidRepo\\server\\models\\shipper.js": {"path":"C:\\Users\\RAMA\\Documents\\Hacktiv8 Assignment\\DelivereeBidRepo\\server\\models\\shipper.js","statementMap":{"0":{"start":{"line":4,"column":4},"end":{"line":4,"column":24}},"1":{"start":{"line":5,"column":23},"end":{"line":5,"column":50}},"2":{"start":{"line":6,"column":0},"end":{"line":73,"column":2}},"3":{"start":{"line":15,"column":6},"end":{"line":15,"column":33}},"4":{"start":{"line":18,"column":2},"end":{"line":68,"column":5}},"5":{"start":{"line":59,"column":10},"end":{"line":61,"column":11}},"6":{"start":{"line":60,"column":12},"end":{"line":60,"column":51}},"7":{"start":{"line":69,"column":2},"end":{"line":71,"column":4}},"8":{"start":{"line":70,"column":4},"end":{"line":70,"column":53}},"9":{"start":{"line":72,"column":2},"end":{"line":72,"column":17}}},"fnMap":{"0":{"name":"(anonymous_0)","decl":{"start":{"line":6,"column":17},"end":{"line":6,"column":18}},"loc":{"start":{"line":6,"column":43},"end":{"line":73,"column":1}},"line":6},"1":{"name":"(anonymous_1)","decl":{"start":{"line":13,"column":4},"end":{"line":13,"column":5}},"loc":{"start":{"line":13,"column":29},"end":{"line":16,"column":5}},"line":13},"2":{"name":"(anonymous_2)","decl":{"start":{"line":58,"column":8},"end":{"line":58,"column":9}},"loc":{"start":{"line":58,"column":20},"end":{"line":62,"column":9}},"line":58},"3":{"name":"(anonymous_3)","decl":{"start":{"line":69,"column":23},"end":{"line":69,"column":24}},"loc":{"start":{"line":69,"column":44},"end":{"line":71,"column":3}},"line":69}},"branchMap":{"0":{"loc":{"start":{"line":59,"column":10},"end":{"line":61,"column":11}},"type":"if","locations":[{"start":{"line":59,"column":10},"end":{"line":61,"column":11}},{"start":{"line":59,"column":10},"end":{"line":61,"column":11}}],"line":59}},"s":{"0":3,"1":3,"2":3,"3":3,"4":3,"5":12,"6":0,"7":3,"8":5,"9":3},"f":{"0":3,"1":3,"2":12,"3":5},"b":{"0":[0,12]},"_coverageSchema":"1a1c01bbd47fc00a2c39e90264f33305004495a9","hash":"44f5a3db69bfe82aec0bcc0dec9411f02fd7fc16"}
,"C:\\Users\\RAMA\\Documents\\Hacktiv8 Assignment\\DelivereeBidRepo\\server\\models\\transporter.js": {"path":"C:\\Users\\RAMA\\Documents\\Hacktiv8 Assignment\\DelivereeBidRepo\\server\\models\\transporter.js","statementMap":{"0":{"start":{"line":2,"column":21},"end":{"line":2,"column":40}},"1":{"start":{"line":5,"column":4},"end":{"line":5,"column":24}},"2":{"start":{"line":6,"column":23},"end":{"line":6,"column":50}},"3":{"start":{"line":7,"column":0},"end":{"line":75,"column":2}},"4":{"start":{"line":19,"column":2},"end":{"line":69,"column":5}},"5":{"start":{"line":60,"column":10},"end":{"line":62,"column":11}},"6":{"start":{"line":61,"column":12},"end":{"line":61,"column":51}},"7":{"start":{"line":71,"column":2},"end":{"line":73,"column":4}},"8":{"start":{"line":72,"column":4},"end":{"line":72,"column":61}},"9":{"start":{"line":74,"column":2},"end":{"line":74,"column":21}}},"fnMap":{"0":{"name":"(anonymous_0)","decl":{"start":{"line":7,"column":17},"end":{"line":7,"column":18}},"loc":{"start":{"line":7,"column":43},"end":{"line":75,"column":1}},"line":7},"1":{"name":"(anonymous_1)","decl":{"start":{"line":14,"column":4},"end":{"line":14,"column":5}},"loc":{"start":{"line":14,"column":29},"end":{"line":17,"column":5}},"line":14},"2":{"name":"(anonymous_2)","decl":{"start":{"line":59,"column":8},"end":{"line":59,"column":9}},"loc":{"start":{"line":59,"column":20},"end":{"line":63,"column":9}},"line":59},"3":{"name":"(anonymous_3)","decl":{"start":{"line":71,"column":27},"end":{"line":71,"column":28}},"loc":{"start":{"line":71,"column":52},"end":{"line":73,"column":3}},"line":71}},"branchMap":{"0":{"loc":{"start":{"line":60,"column":10},"end":{"line":62,"column":11}},"type":"if","locations":[{"start":{"line":60,"column":10},"end":{"line":62,"column":11}},{"start":{"line":60,"column":10},"end":{"line":62,"column":11}}],"line":60}},"s":{"0":3,"1":3,"2":3,"3":3,"4":3,"5":9,"6":0,"7":3,"8":2,"9":3},"f":{"0":3,"1":3,"2":9,"3":2},"b":{"0":[0,9]},"_coverageSchema":"1a1c01bbd47fc00a2c39e90264f33305004495a9","hash":"27fc1e0e6fb80536f9781b0db9a83b336a0a8059"}
,"C:\\Users\\RAMA\\Documents\\Hacktiv8 Assignment\\DelivereeBidRepo\\server\\router\\bid.js": {"path":"C:\\Users\\RAMA\\Documents\\Hacktiv8 Assignment\\DelivereeBidRepo\\server\\router\\bid.js","statementMap":{"0":{"start":{"line":1,"column":15},"end":{"line":1,"column":42}},"1":{"start":{"line":2,"column":22},"end":{"line":2,"column":51}},"2":{"start":{"line":3,"column":15},"end":{"line":3,"column":47}},"3":{"start":{"line":4,"column":50},"end":{"line":4,"column":80}},"4":{"start":{"line":6,"column":0},"end":{"line":6,"column":33}},"5":{"start":{"line":7,"column":0},"end":{"line":7,"column":38}},"6":{"start":{"line":8,"column":0},"end":{"line":8,"column":41}},"7":{"start":{"line":9,"column":0},"end":{"line":9,"column":64}},"8":{"start":{"line":10,"column":0},"end":{"line":10,"column":84}},"9":{"start":{"line":11,"column":0},"end":{"line":11,"column":64}},"10":{"start":{"line":15,"column":0},"end":{"line":15,"column":23}}},"fnMap":{},"branchMap":{},"s":{"0":3,"1":3,"2":3,"3":3,"4":3,"5":3,"6":3,"7":3,"8":3,"9":3,"10":3},"f":{},"b":{},"_coverageSchema":"1a1c01bbd47fc00a2c39e90264f33305004495a9","hash":"765849a3e3ba3200e6c51da2ec557c3b42e08237"}
,"C:\\Users\\RAMA\\Documents\\Hacktiv8 Assignment\\DelivereeBidRepo\\server\\router\\index.js": {"path":"C:\\Users\\RAMA\\Documents\\Hacktiv8 Assignment\\DelivereeBidRepo\\server\\router\\index.js","statementMap":{"0":{"start":{"line":1,"column":15},"end":{"line":1,"column":42}},"1":{"start":{"line":3,"column":26},"end":{"line":3,"column":50}},"2":{"start":{"line":4,"column":22},"end":{"line":4,"column":42}},"3":{"start":{"line":5,"column":18},"end":{"line":5,"column":34}},"4":{"start":{"line":6,"column":22},"end":{"line":6,"column":42}},"5":{"start":{"line":8,"column":0},"end":{"line":8,"column":45}},"6":{"start":{"line":9,"column":0},"end":{"line":9,"column":37}},"7":{"start":{"line":10,"column":0},"end":{"line":10,"column":29}},"8":{"start":{"line":13,"column":0},"end":{"line":13,"column":23}}},"fnMap":{},"branchMap":{},"s":{"0":3,"1":3,"2":3,"3":3,"4":3,"5":3,"6":3,"7":3,"8":3},"f":{},"b":{},"_coverageSchema":"1a1c01bbd47fc00a2c39e90264f33305004495a9","hash":"bd66f7f98732c13c29942443cdb22e1cefdfa565"}
,"C:\\Users\\RAMA\\Documents\\Hacktiv8 Assignment\\DelivereeBidRepo\\server\\router\\service.js": {"path":"C:\\Users\\RAMA\\Documents\\Hacktiv8 Assignment\\DelivereeBidRepo\\server\\router\\service.js","statementMap":{},"fnMap":{},"branchMap":{},"s":{},"f":{},"b":{},"_coverageSchema":"1a1c01bbd47fc00a2c39e90264f33305004495a9","hash":"8d4bca07123a4f9dc7670152f15435e657465148"}
,"C:\\Users\\RAMA\\Documents\\Hacktiv8 Assignment\\DelivereeBidRepo\\server\\router\\shipper.js": {"path":"C:\\Users\\RAMA\\Documents\\Hacktiv8 Assignment\\DelivereeBidRepo\\server\\router\\shipper.js","statementMap":{"0":{"start":{"line":1,"column":15},"end":{"line":1,"column":42}},"1":{"start":{"line":2,"column":26},"end":{"line":2,"column":59}},"2":{"start":{"line":3,"column":15},"end":{"line":3,"column":47}},"3":{"start":{"line":5,"column":0},"end":{"line":5,"column":75}},"4":{"start":{"line":6,"column":0},"end":{"line":6,"column":46}},"5":{"start":{"line":7,"column":0},"end":{"line":7,"column":42}},"6":{"start":{"line":11,"column":0},"end":{"line":11,"column":23}}},"fnMap":{},"branchMap":{},"s":{"0":3,"1":3,"2":3,"3":3,"4":3,"5":3,"6":3},"f":{},"b":{},"_coverageSchema":"1a1c01bbd47fc00a2c39e90264f33305004495a9","hash":"1074cf67a65b02eaca802685b3f65313aaafc105"}
,"C:\\Users\\RAMA\\Documents\\Hacktiv8 Assignment\\DelivereeBidRepo\\server\\router\\transporter.js": {"path":"C:\\Users\\RAMA\\Documents\\Hacktiv8 Assignment\\DelivereeBidRepo\\server\\router\\transporter.js","statementMap":{"0":{"start":{"line":1,"column":15},"end":{"line":1,"column":42}},"1":{"start":{"line":2,"column":30},"end":{"line":2,"column":67}},"2":{"start":{"line":3,"column":15},"end":{"line":3,"column":47}},"3":{"start":{"line":5,"column":0},"end":{"line":5,"column":79}},"4":{"start":{"line":6,"column":0},"end":{"line":6,"column":50}},"5":{"start":{"line":7,"column":0},"end":{"line":7,"column":46}},"6":{"start":{"line":12,"column":0},"end":{"line":12,"column":23}}},"fnMap":{},"branchMap":{},"s":{"0":3,"1":3,"2":3,"3":3,"4":3,"5":3,"6":3},"f":{},"b":{},"_coverageSchema":"1a1c01bbd47fc00a2c39e90264f33305004495a9","hash":"744864405e1f9c1feec89373777ddcbbd97eeffe"}
}
