TN:
SF:app.js
FN:39,(anonymous_0)
FN:43,(anonymous_1)
FN:67,(anonymous_2)
FNF:3
FNH:0
FNDA:0,(anonymous_0)
FNDA:0,(anonymous_1)
FNDA:0,(anonymous_2)
DA:1,1
DA:2,1
DA:3,1
DA:4,1
DA:5,1
DA:6,1
DA:7,1
DA:8,1
DA:10,1
DA:16,1
DA:17,1
DA:24,1
DA:25,1
DA:26,1
DA:28,1
DA:29,1
DA:31,1
DA:32,1
DA:33,1
DA:34,1
DA:35,1
DA:37,1
DA:39,1
DA:43,0
DA:44,0
DA:45,0
DA:46,0
DA:49,0
DA:52,0
DA:60,0
DA:67,0
DA:68,0
DA:70,0
DA:80,1
LF:34
LH:24
BRDA:3,0,0,1
BRDA:3,0,1,1
BRF:2
BRH:2
end_of_record
TN:
SF:controllers/bid.js
FN:4,(anonymous_0)
FN:16,(anonymous_1)
FN:19,(anonymous_2)
FN:21,(anonymous_3)
FN:42,(anonymous_4)
FN:48,(anonymous_5)
FN:53,(anonymous_6)
FN:63,(anonymous_7)
FN:66,(anonymous_8)
FN:71,(anonymous_9)
FN:82,(anonymous_10)
FN:85,(anonymous_11)
FN:90,(anonymous_12)
FN:97,(anonymous_13)
FN:100,(anonymous_14)
FNF:15
FNH:0
FNDA:0,(anonymous_0)
FNDA:0,(anonymous_1)
FNDA:0,(anonymous_2)
FNDA:0,(anonymous_3)
FNDA:0,(anonymous_4)
FNDA:0,(anonymous_5)
FNDA:0,(anonymous_6)
FNDA:0,(anonymous_7)
FNDA:0,(anonymous_8)
FNDA:0,(anonymous_9)
FNDA:0,(anonymous_10)
FNDA:0,(anonymous_11)
FNDA:0,(anonymous_12)
FNDA:0,(anonymous_13)
FNDA:0,(anonymous_14)
DA:1,1
DA:5,0
DA:17,0
DA:19,0
DA:22,0
DA:23,0
DA:43,0
DA:45,0
DA:49,0
DA:50,0
DA:54,0
DA:55,0
DA:64,0
DA:67,0
DA:68,0
DA:72,0
DA:73,0
DA:74,0
DA:83,0
DA:86,0
DA:91,0
DA:92,0
DA:98,0
DA:100,0
DA:104,1
LF:25
LH:2
BRDA:43,0,0,0
BRDA:43,0,1,0
BRF:2
BRH:0
end_of_record
TN:
SF:controllers/post.js
FN:4,(anonymous_0)
FN:19,(anonymous_1)
FN:22,(anonymous_2)
FN:26,(anonymous_3)
FN:45,(anonymous_4)
FN:53,(anonymous_5)
FN:55,(anonymous_6)
FN:67,(anonymous_7)
FN:70,(anonymous_8)
FN:75,(anonymous_9)
FN:86,(anonymous_10)
FN:93,(anonymous_11)
FN:98,(anonymous_12)
FN:119,(anonymous_13)
FN:121,(anonymous_14)
FN:123,(anonymous_15)
FN:124,(anonymous_16)
FN:148,(anonymous_17)
FN:170,(anonymous_18)
FN:172,(anonymous_19)
FN:174,(anonymous_20)
FN:175,(anonymous_21)
FN:200,(anonymous_22)
FN:207,(anonymous_23)
FN:213,(anonymous_24)
FNF:25
FNH:0
FNDA:0,(anonymous_0)
FNDA:0,(anonymous_1)
FNDA:0,(anonymous_2)
FNDA:0,(anonymous_3)
FNDA:0,(anonymous_4)
FNDA:0,(anonymous_5)
FNDA:0,(anonymous_6)
FNDA:0,(anonymous_7)
FNDA:0,(anonymous_8)
FNDA:0,(anonymous_9)
FNDA:0,(anonymous_10)
FNDA:0,(anonymous_11)
FNDA:0,(anonymous_12)
FNDA:0,(anonymous_13)
FNDA:0,(anonymous_14)
FNDA:0,(anonymous_15)
FNDA:0,(anonymous_16)
FNDA:0,(anonymous_17)
FNDA:0,(anonymous_18)
FNDA:0,(anonymous_19)
FNDA:0,(anonymous_20)
FNDA:0,(anonymous_21)
FNDA:0,(anonymous_22)
FNDA:0,(anonymous_23)
FNDA:0,(anonymous_24)
DA:1,1
DA:5,0
DA:20,0
DA:23,0
DA:27,0
DA:28,0
DA:46,0
DA:47,0
DA:48,0
DA:50,0
DA:53,0
DA:56,0
DA:57,0
DA:58,0
DA:68,0
DA:71,0
DA:72,0
DA:76,0
DA:77,0
DA:78,0
DA:87,0
DA:88,0
DA:90,0
DA:94,0
DA:99,0
DA:100,0
DA:102,0
DA:103,0
DA:118,0
DA:119,0
DA:121,0
DA:123,0
DA:124,0
DA:126,0
DA:131,0
DA:139,0
DA:141,0
DA:144,0
DA:149,0
DA:150,0
DA:152,0
DA:153,0
DA:169,0
DA:170,0
DA:172,0
DA:174,0
DA:175,0
DA:177,0
DA:182,0
DA:190,0
DA:192,0
DA:195,0
DA:196,0
DA:201,0
DA:202,0
DA:208,0
DA:210,0
DA:213,0
DA:217,1
LF:59
LH:2
BRDA:47,0,0,0
BRDA:47,0,1,0
BRDA:88,1,0,0
BRDA:88,1,1,0
BRDA:118,2,0,0
BRDA:118,2,1,0
BRDA:139,3,0,0
BRDA:139,3,1,0
BRDA:169,4,0,0
BRDA:169,4,1,0
BRDA:190,5,0,0
BRDA:190,5,1,0
BRDA:208,6,0,0
BRDA:208,6,1,0
BRF:14
BRH:0
end_of_record
TN:
SF:controllers/shipper.js
FN:6,(anonymous_0)
FN:12,(anonymous_1)
FN:15,(anonymous_2)
FN:17,(anonymous_3)
FN:24,(anonymous_4)
FN:30,(anonymous_5)
FN:34,(anonymous_6)
FN:39,(anonymous_7)
FN:42,(anonymous_8)
FN:48,(anonymous_9)
FN:54,(anonymous_10)
FN:66,(anonymous_11)
FN:71,(anonymous_12)
FN:76,(anonymous_13)
FN:82,(anonymous_14)
FNF:15
FNH:14
FNDA:1,(anonymous_0)
FNDA:1,(anonymous_1)
FNDA:0,(anonymous_2)
FNDA:1,(anonymous_3)
FNDA:1,(anonymous_4)
FNDA:1,(anonymous_5)
FNDA:9,(anonymous_6)
FNDA:1,(anonymous_7)
FNDA:9,(anonymous_8)
FNDA:2,(anonymous_9)
FNDA:2,(anonymous_10)
FNDA:1,(anonymous_11)
FNDA:4,(anonymous_12)
FNDA:2,(anonymous_13)
FNDA:3,(anonymous_14)
DA:1,1
DA:2,1
DA:3,1
DA:7,1
DA:13,1
DA:15,0
DA:18,1
DA:19,1
DA:25,1
DA:27,0
DA:31,1
DA:35,9
DA:36,9
DA:40,1
DA:43,9
DA:44,9
DA:49,2
DA:50,2
DA:51,2
DA:55,2
DA:56,1
DA:58,1
DA:63,1
DA:67,1
DA:72,4
DA:73,4
DA:74,4
DA:75,4
DA:77,2
DA:79,1
DA:83,3
DA:88,1
LF:32
LH:30
BRDA:25,0,0,1
BRDA:25,0,1,0
BRDA:50,1,0,0
BRDA:50,1,1,2
BRDA:50,2,0,2
BRDA:50,2,1,2
BRDA:55,3,0,1
BRDA:55,3,1,1
BRDA:56,4,0,0
BRDA:56,4,1,1
BRDA:77,5,0,1
BRDA:77,5,1,1
BRF:12
BRH:9
end_of_record
TN:
SF:controllers/transporter.js
FN:6,(anonymous_0)
FN:12,(anonymous_1)
FN:15,(anonymous_2)
FN:17,(anonymous_3)
FN:21,(anonymous_4)
FN:29,(anonymous_5)
FN:31,(anonymous_6)
FN:36,(anonymous_7)
FN:39,(anonymous_8)
FN:43,(anonymous_9)
FN:49,(anonymous_10)
FN:63,(anonymous_11)
FN:68,(anonymous_12)
FN:72,(anonymous_13)
FN:75,(anonymous_14)
FN:81,(anonymous_15)
FN:86,(anonymous_16)
FN:92,(anonymous_17)
FNF:18
FNH:0
FNDA:0,(anonymous_0)
FNDA:0,(anonymous_1)
FNDA:0,(anonymous_2)
FNDA:0,(anonymous_3)
FNDA:0,(anonymous_4)
FNDA:0,(anonymous_5)
FNDA:0,(anonymous_6)
FNDA:0,(anonymous_7)
FNDA:0,(anonymous_8)
FNDA:0,(anonymous_9)
FNDA:0,(anonymous_10)
FNDA:0,(anonymous_11)
FNDA:0,(anonymous_12)
FNDA:0,(anonymous_13)
FNDA:0,(anonymous_14)
FNDA:0,(anonymous_15)
FNDA:0,(anonymous_16)
FNDA:0,(anonymous_17)
DA:1,1
DA:2,1
DA:3,1
DA:7,0
DA:13,0
DA:15,0
DA:19,0
DA:20,0
DA:22,0
DA:23,0
DA:26,0
DA:29,0
DA:32,0
DA:33,0
DA:37,0
DA:40,0
DA:44,0
DA:45,0
DA:46,0
DA:50,0
DA:51,0
DA:53,0
DA:60,0
DA:64,0
DA:69,0
DA:70,0
DA:71,0
DA:73,0
DA:76,0
DA:77,0
DA:82,0
DA:83,0
DA:84,0
DA:85,0
DA:87,0
DA:89,0
DA:93,0
DA:98,1
LF:38
LH:4
BRDA:22,0,0,0
BRDA:22,0,1,0
BRDA:45,1,0,0
BRDA:45,1,1,0
BRDA:45,2,0,0
BRDA:45,2,1,0
BRDA:50,3,0,0
BRDA:50,3,1,0
BRDA:51,4,0,0
BRDA:51,4,1,0
BRDA:87,5,0,0
BRDA:87,5,1,0
BRF:12
BRH:0
end_of_record
TN:
SF:helper/bcrypt.js
FN:3,(anonymous_0)
FN:8,(anonymous_1)
FNF:2
FNH:2
FNDA:5,(anonymous_0)
FNDA:1,(anonymous_1)
DA:1,1
DA:3,1
DA:4,5
DA:5,5
DA:8,1
DA:9,1
DA:12,1
LF:7
LH:7
BRF:0
BRH:0
end_of_record
TN:
SF:helper/jwt.js
FN:3,(anonymous_0)
FN:7,(anonymous_1)
FNF:2
FNH:2
FNDA:2,(anonymous_0)
FNDA:5,(anonymous_1)
DA:1,1
DA:3,1
DA:4,2
DA:7,1
DA:8,5
DA:11,1
LF:6
LH:6
BRF:0
BRH:0
end_of_record
TN:
SF:middlewares/auth.js
FN:4,authenticationTransporter
FN:23,authenticationShipper
FN:42,authorizationPost
FN:53,authorizationBid
FNF:4
FNH:1
FNDA:0,authenticationTransporter
FNDA:5,authenticationShipper
FNDA:0,authorizationPost
FNDA:0,authorizationBid
DA:1,1
DA:2,1
DA:5,0
DA:6,0
DA:7,0
DA:9,0
DA:10,0
DA:13,0
DA:15,0
DA:16,0
DA:20,0
DA:24,5
DA:25,5
DA:26,5
DA:28,4
DA:29,4
DA:32,4
DA:34,4
DA:35,4
DA:39,1
DA:43,0
DA:44,0
DA:45,0
DA:46,0
DA:47,0
DA:48,0
DA:50,0
DA:54,0
DA:55,0
DA:56,0
DA:57,0
DA:58,0
DA:59,0
DA:61,0
DA:65,1
LF:35
LH:12
BRDA:7,0,0,0
BRDA:7,0,1,0
BRDA:13,1,0,0
BRDA:13,1,1,0
BRDA:26,2,0,1
BRDA:26,2,1,4
BRDA:32,3,0,0
BRDA:32,3,1,4
BRDA:45,4,0,0
BRDA:45,4,1,0
BRDA:46,5,0,0
BRDA:46,5,1,0
BRDA:56,6,0,0
BRDA:56,6,1,0
BRDA:57,7,0,0
BRDA:57,7,1,0
BRF:16
BRH:3
end_of_record
TN:
SF:middlewares/errHandler.js
FN:1,errHandler
FN:8,(anonymous_1)
FNF:2
FNH:2
FNDA:15,errHandler
FNDA:11,(anonymous_1)
DA:2,15
DA:3,15
DA:4,15
DA:6,15
DA:8,9
DA:9,11
DA:10,11
DA:13,9
DA:14,9
DA:15,9
DA:17,1
DA:18,1
DA:19,1
DA:21,0
DA:22,0
DA:23,0
DA:25,0
DA:26,0
DA:27,0
DA:29,5
DA:30,5
DA:31,5
DA:33,15
DA:34,15
DA:37,1
LF:25
LH:19
BRDA:2,0,0,15
BRDA:2,0,1,11
BRDA:3,1,0,15
BRDA:3,1,1,11
BRDA:6,2,0,9
BRDA:6,2,1,1
BRDA:6,2,2,0
BRDA:6,2,3,0
BRDA:6,2,4,5
BRDA:9,3,0,11
BRDA:9,3,1,0
BRF:11
BRH:8
end_of_record
TN:
SF:middlewares/upload.js
FN:8,(anonymous_0)
FNF:1
FNH:0
FNDA:0,(anonymous_0)
DA:1,1
DA:3,1
DA:9,0
DA:13,1
DA:20,1
LF:5
LH:4
BRF:0
BRH:0
end_of_record
TN:
SF:models/bid.js
FN:5,(anonymous_0)
FN:12,(anonymous_1)
FNF:2
FNH:2
FNDA:1,(anonymous_0)
FNDA:1,(anonymous_1)
DA:4,1
DA:5,1
DA:14,1
DA:15,1
DA:18,1
DA:61,1
LF:6
LH:6
BRF:0
BRH:0
end_of_record
TN:
SF:models/index.js
FN:20,(anonymous_0)
FN:23,(anonymous_1)
FN:28,(anonymous_2)
FNF:3
FNH:3
FNDA:5,(anonymous_0)
FNDA:4,(anonymous_1)
FNDA:4,(anonymous_2)
DA:3,1
DA:4,1
DA:5,1
DA:6,1
DA:7,1
DA:8,1
DA:9,1
DA:12,1
DA:13,0
DA:15,1
DA:18,1
DA:21,5
DA:24,4
DA:25,4
DA:28,1
DA:29,4
DA:30,4
DA:34,1
DA:35,1
DA:37,1
LF:20
LH:19
BRDA:7,0,0,1
BRDA:7,0,1,0
BRDA:12,1,0,0
BRDA:12,1,1,1
BRDA:21,2,0,5
BRDA:21,2,1,5
BRDA:21,2,2,4
BRDA:29,3,0,4
BRDA:29,3,1,0
BRF:9
BRH:6
end_of_record
TN:
SF:models/post.js
FN:5,(anonymous_0)
FN:12,(anonymous_1)
FN:53,(anonymous_2)
FNF:3
FNH:2
FNDA:1,(anonymous_0)
FNDA:1,(anonymous_1)
FNDA:0,(anonymous_2)
DA:4,1
DA:5,1
DA:14,1
DA:15,1
DA:18,1
DA:54,0
DA:87,1
LF:7
LH:6
BRDA:54,0,0,0
BRDA:54,0,1,0
BRF:2
BRH:0
end_of_record
TN:
SF:models/shipper.js
FN:6,(anonymous_0)
FN:13,(anonymous_1)
FN:58,(anonymous_2)
FN:69,(anonymous_3)
FNF:4
FNH:4
FNDA:1,(anonymous_0)
FNDA:1,(anonymous_1)
FNDA:16,(anonymous_2)
FNDA:5,(anonymous_3)
DA:4,1
DA:5,1
DA:6,1
DA:15,1
DA:18,1
DA:59,16
DA:60,1
DA:69,1
DA:70,5
DA:72,1
LF:10
LH:10
BRDA:59,0,0,1
BRDA:59,0,1,15
BRF:2
BRH:2
end_of_record
TN:
SF:models/transporter.js
FN:7,(anonymous_0)
FN:14,(anonymous_1)
FN:59,(anonymous_2)
FN:79,(anonymous_3)
FNF:4
FNH:2
FNDA:1,(anonymous_0)
FNDA:1,(anonymous_1)
FNDA:0,(anonymous_2)
FNDA:0,(anonymous_3)
DA:2,1
DA:5,1
DA:6,1
DA:7,1
DA:16,1
DA:19,1
DA:60,0
DA:61,0
DA:79,1
DA:80,0
DA:82,1
LF:11
LH:8
BRDA:60,0,0,0
BRDA:60,0,1,0
BRF:2
BRH:0
end_of_record
TN:
SF:router/bid.js
FNF:0
FNH:0
DA:1,1
DA:2,1
DA:3,1
DA:4,1
DA:6,1
DA:7,1
DA:8,1
DA:9,1
DA:10,1
DA:11,1
DA:15,1
LF:11
LH:11
BRF:0
BRH:0
end_of_record
TN:
SF:router/index.js
FNF:0
FNH:0
DA:1,1
DA:3,1
DA:4,1
DA:5,1
DA:6,1
DA:8,1
DA:9,1
DA:10,1
DA:11,1
DA:13,1
LF:10
LH:10
BRF:0
BRH:0
end_of_record
TN:
SF:router/post.js
FNF:0
FNH:0
DA:1,1
DA:2,1
DA:3,1
DA:5,1
DA:6,1
DA:7,1
DA:8,1
DA:9,1
DA:10,1
DA:12,1
DA:13,1
DA:17,1
LF:12
LH:12
BRF:0
BRH:0
end_of_record
TN:
SF:router/shipper.js
FNF:0
FNH:0
DA:1,1
DA:2,1
DA:3,1
DA:4,1
DA:5,1
DA:6,1
DA:7,1
DA:8,1
DA:9,1
DA:12,1
LF:10
LH:10
BRF:0
BRH:0
end_of_record
TN:
SF:router/transporter.js
FNF:0
FNH:0
DA:1,1
DA:2,1
DA:3,1
DA:4,1
DA:6,1
DA:7,1
DA:8,1
DA:9,1
DA:10,1
DA:11,1
DA:16,1
LF:11
LH:11
BRF:0
BRH:0
end_of_record
TN:
SF:utils/messages.js
FN:3,formatMessage
FNF:1
FNH:0
FNDA:0,formatMessage
DA:1,1
DA:4,0
DA:10,1
LF:3
LH:2
BRF:0
BRH:0
end_of_record
TN:
SF:utils/users.js
FN:4,userJoin
FN:13,getCurrentUser
FN:14,(anonymous_2)
FN:18,userLeave
FN:19,(anonymous_4)
FN:27,getRoomUsers
FN:28,(anonymous_6)
FNF:7
FNH:0
FNDA:0,userJoin
FNDA:0,getCurrentUser
FNDA:0,(anonymous_2)
FNDA:0,userLeave
FNDA:0,(anonymous_4)
FNDA:0,getRoomUsers
FNDA:0,(anonymous_6)
DA:1,1
DA:5,0
DA:7,0
DA:9,0
DA:14,0
DA:19,0
DA:21,0
DA:22,0
DA:28,0
DA:31,1
LF:10
LH:2
BRDA:21,0,0,0
BRDA:21,0,1,0
BRF:2
BRH:0
end_of_record
