TN:
SF:app.js
FNF:0
FNH:0
DA:1,3
DA:2,3
DA:3,3
DA:4,3
DA:5,3
DA:6,3
DA:8,3
DA:9,3
DA:10,3
DA:12,3
DA:13,3
DA:17,3
LF:12
LH:12
BRDA:3,0,0,3
BRDA:3,0,1,3
BRF:2
BRH:2
end_of_record
TN:
SF:controllers\bid.js
FN:4,(anonymous_0)
FN:15,(anonymous_1)
FN:17,(anonymous_2)
FN:19,(anonymous_3)
FN:31,(anonymous_4)
FN:36,(anonymous_5)
FN:38,(anonymous_6)
FN:42,(anonymous_7)
FN:45,(anonymous_8)
FN:50,(anonymous_9)
FN:57,(anonymous_10)
FN:59,(anonymous_11)
FN:64,(anonymous_12)
FN:70,(anonymous_13)
FN:72,(anonymous_14)
FNF:15
FNH:12
FNDA:1,(anonymous_0)
FNDA:1,(anonymous_1)
FNDA:0,(anonymous_2)
FNDA:2,(anonymous_3)
FNDA:2,(anonymous_4)
FNDA:1,(anonymous_5)
FNDA:6,(anonymous_6)
FNDA:1,(anonymous_7)
FNDA:5,(anonymous_8)
FNDA:1,(anonymous_9)
FNDA:1,(anonymous_10)
FNDA:0,(anonymous_11)
FNDA:1,(anonymous_12)
FNDA:1,(anonymous_13)
FNDA:0,(anonymous_14)
DA:1,3
DA:5,1
DA:16,1
DA:17,0
DA:20,2
DA:21,2
DA:32,2
DA:34,1
DA:36,1
DA:39,6
DA:40,6
DA:41,6
DA:43,1
DA:46,5
DA:47,5
DA:51,1
DA:52,1
DA:53,1
DA:58,1
DA:60,0
DA:65,1
DA:66,1
DA:71,1
DA:72,0
DA:76,3
LF:25
LH:22
BRDA:32,0,0,1
BRDA:32,0,1,1
BRF:2
BRH:2
end_of_record
TN:
SF:controllers\shipper.js
FN:6,(anonymous_0)
FN:12,(anonymous_1)
FN:15,(anonymous_2)
FN:17,(anonymous_3)
FN:22,(anonymous_4)
FN:25,(anonymous_5)
FN:31,(anonymous_6)
FN:37,(anonymous_7)
FN:49,(anonymous_8)
FNF:9
FNH:6
FNDA:0,(anonymous_0)
FNDA:0,(anonymous_1)
FNDA:0,(anonymous_2)
FNDA:9,(anonymous_3)
FNDA:1,(anonymous_4)
FNDA:9,(anonymous_5)
FNDA:2,(anonymous_6)
FNDA:2,(anonymous_7)
FNDA:1,(anonymous_8)
DA:1,3
DA:2,3
DA:3,3
DA:7,0
DA:13,0
DA:15,0
DA:18,9
DA:19,9
DA:23,1
DA:26,9
DA:27,9
DA:32,2
DA:33,2
DA:34,2
DA:38,2
DA:39,1
DA:41,1
DA:46,1
DA:50,1
DA:55,3
LF:20
LH:17
BRDA:33,0,0,0
BRDA:33,0,1,2
BRDA:33,1,0,2
BRDA:33,1,1,2
BRDA:38,2,0,1
BRDA:38,2,1,1
BRDA:39,3,0,0
BRDA:39,3,1,1
BRF:8
BRH:6
end_of_record
TN:
SF:controllers\transporter.js
FN:6,(anonymous_0)
FN:12,(anonymous_1)
FN:15,(anonymous_2)
FN:17,(anonymous_3)
FN:22,(anonymous_4)
FN:25,(anonymous_5)
FN:29,(anonymous_6)
FN:35,(anonymous_7)
FN:47,(anonymous_8)
FNF:9
FNH:6
FNDA:0,(anonymous_0)
FNDA:0,(anonymous_1)
FNDA:0,(anonymous_2)
FNDA:9,(anonymous_3)
FNDA:1,(anonymous_4)
FNDA:8,(anonymous_5)
FNDA:3,(anonymous_6)
FNDA:2,(anonymous_7)
FNDA:1,(anonymous_8)
DA:1,3
DA:2,3
DA:3,3
DA:7,0
DA:13,0
DA:15,0
DA:18,9
DA:19,9
DA:23,1
DA:26,8
DA:30,3
DA:31,3
DA:32,2
DA:36,2
DA:37,1
DA:39,1
DA:44,1
DA:48,1
DA:53,3
LF:19
LH:16
BRDA:31,0,0,1
BRDA:31,0,1,2
BRDA:31,1,0,3
BRDA:31,1,1,2
BRDA:36,2,0,1
BRDA:36,2,1,1
BRDA:37,3,0,0
BRDA:37,3,1,1
BRF:8
BRH:7
end_of_record
TN:
SF:helper\bcrypt.js
FN:3,(anonymous_0)
FN:8,(anonymous_1)
FNF:2
FNH:2
FNDA:7,(anonymous_0)
FNDA:2,(anonymous_1)
DA:1,3
DA:3,3
DA:4,7
DA:5,7
DA:8,3
DA:9,2
DA:12,3
LF:7
LH:7
BRF:0
BRH:0
end_of_record
TN:
SF:helper\jwt.js
FN:3,(anonymous_0)
FN:7,(anonymous_1)
FNF:2
FNH:2
FNDA:3,(anonymous_0)
FNDA:15,(anonymous_1)
DA:1,3
DA:3,3
DA:4,3
DA:7,3
DA:8,15
DA:11,3
LF:6
LH:6
BRF:0
BRH:0
end_of_record
TN:
SF:middlewares\auth.js
FN:23,authenticationShipper
FN:42,authorizationService
FN:53,authorizationBid
FNF:3
FNH:2
FNDA:18,authenticationShipper
FNDA:0,authorizationService
FNDA:4,authorizationBid
DA:1,3
DA:2,3
DA:24,18
DA:25,18
DA:26,18
DA:28,14
DA:29,13
DA:32,13
DA:34,13
DA:35,13
DA:39,5
DA:43,0
DA:44,0
DA:45,0
DA:46,0
DA:47,0
DA:48,0
DA:50,0
DA:54,4
DA:55,4
DA:56,4
DA:57,2
DA:58,2
DA:59,0
DA:61,2
DA:64,3
LF:26
LH:18
BRDA:26,0,0,4
BRDA:26,0,1,14
BRDA:32,1,0,0
BRDA:32,1,1,13
BRDA:45,2,0,0
BRDA:45,2,1,0
BRDA:46,3,0,0
BRDA:46,3,1,0
BRDA:56,4,0,2
BRDA:56,4,1,2
BRDA:57,5,0,2
BRDA:57,5,1,0
BRF:12
BRH:6
end_of_record
TN:
SF:middlewares\errHandler.js
FN:1,errHandler
FN:8,(anonymous_1)
FNF:2
FNH:2
FNDA:33,errHandler
FNDA:22,(anonymous_1)
DA:2,33
DA:3,33
DA:4,33
DA:6,33
DA:8,19
DA:9,22
DA:10,22
DA:13,19
DA:14,19
DA:15,19
DA:16,19
DA:18,2
DA:19,2
DA:20,2
DA:22,0
DA:23,0
DA:24,0
DA:26,12
DA:27,12
DA:28,12
DA:30,33
DA:33,3
LF:22
LH:19
BRDA:2,0,0,33
BRDA:2,0,1,23
BRDA:3,1,0,33
BRDA:3,1,1,23
BRDA:6,2,0,19
BRDA:6,2,1,2
BRDA:6,2,2,0
BRDA:6,2,3,12
BRDA:9,3,0,22
BRDA:9,3,1,0
BRF:10
BRH:8
end_of_record
TN:
SF:middlewares\upload.js
FN:8,(anonymous_0)
FNF:1
FNH:0
FNDA:0,(anonymous_0)
DA:1,3
DA:3,3
DA:9,0
DA:13,3
DA:20,3
LF:5
LH:4
BRF:0
BRH:0
end_of_record
TN:
SF:models\bid.js
FN:5,(anonymous_0)
FN:12,(anonymous_1)
FNF:2
FNH:2
FNDA:3,(anonymous_0)
FNDA:3,(anonymous_1)
DA:4,3
DA:5,3
DA:14,3
DA:17,3
DA:60,3
LF:5
LH:5
BRF:0
BRH:0
end_of_record
TN:
SF:models\index.js
FN:20,(anonymous_0)
FN:23,(anonymous_1)
FN:28,(anonymous_2)
FNF:3
FNH:3
FNDA:15,(anonymous_0)
FNDA:9,(anonymous_1)
FNDA:9,(anonymous_2)
DA:3,3
DA:4,3
DA:5,3
DA:6,3
DA:7,3
DA:8,3
DA:9,3
DA:12,3
DA:13,0
DA:15,3
DA:18,3
DA:21,15
DA:24,9
DA:25,9
DA:28,3
DA:29,9
DA:30,9
DA:34,3
DA:35,3
DA:37,3
LF:20
LH:19
BRDA:7,0,0,3
BRDA:7,0,1,0
BRDA:12,1,0,0
BRDA:12,1,1,3
BRDA:21,2,0,15
BRDA:21,2,1,15
BRDA:21,2,2,12
BRDA:29,3,0,9
BRDA:29,3,1,0
BRF:9
BRH:6
end_of_record
TN:
SF:models\shipper.js
FN:6,(anonymous_0)
FN:13,(anonymous_1)
FN:58,(anonymous_2)
FN:69,(anonymous_3)
FNF:4
FNH:4
FNDA:3,(anonymous_0)
FNDA:3,(anonymous_1)
FNDA:12,(anonymous_2)
FNDA:5,(anonymous_3)
DA:4,3
DA:5,3
DA:6,3
DA:15,3
DA:18,3
DA:59,12
DA:60,0
DA:69,3
DA:70,5
DA:72,3
LF:10
LH:9
BRDA:59,0,0,0
BRDA:59,0,1,12
BRF:2
BRH:1
end_of_record
TN:
SF:models\transporter.js
FN:7,(anonymous_0)
FN:14,(anonymous_1)
FN:59,(anonymous_2)
FN:71,(anonymous_3)
FNF:4
FNH:4
FNDA:3,(anonymous_0)
FNDA:3,(anonymous_1)
FNDA:9,(anonymous_2)
FNDA:2,(anonymous_3)
DA:2,3
DA:5,3
DA:6,3
DA:7,3
DA:19,3
DA:60,9
DA:61,0
DA:71,3
DA:72,2
DA:74,3
LF:10
LH:9
BRDA:60,0,0,0
BRDA:60,0,1,9
BRF:2
BRH:1
end_of_record
TN:
SF:router\bid.js
FNF:0
FNH:0
DA:1,3
DA:2,3
DA:3,3
DA:4,3
DA:6,3
DA:7,3
DA:8,3
DA:9,3
DA:10,3
DA:11,3
DA:15,3
LF:11
LH:11
BRF:0
BRH:0
end_of_record
TN:
SF:router\index.js
FNF:0
FNH:0
DA:1,3
DA:3,3
DA:4,3
DA:5,3
DA:6,3
DA:8,3
DA:9,3
DA:10,3
DA:13,3
LF:9
LH:9
BRF:0
BRH:0
end_of_record
TN:
SF:router\service.js
FNF:0
FNH:0
LF:0
LH:0
BRF:0
BRH:0
end_of_record
TN:
SF:router\shipper.js
FNF:0
FNH:0
DA:1,3
DA:2,3
DA:3,3
DA:5,3
DA:6,3
DA:7,3
DA:11,3
LF:7
LH:7
BRF:0
BRH:0
end_of_record
TN:
SF:router\transporter.js
FNF:0
FNH:0
DA:1,3
DA:2,3
DA:3,3
DA:5,3
DA:6,3
DA:7,3
DA:12,3
LF:7
LH:7
BRF:0
BRH:0
end_of_record
